make -f "/home/j/project/buck_air_walker/app/build/Makefile" -C "/home/j/project/buck_air_walker/app/build" --dry-run --always-make --keep-going --print-directory
make: Entering directory '/home/j/project/buck_air_walker/app/build'
CDPATH="${ZSH_VERSION+.}:" && cd .. && /bin/bash '/home/j/project/buck_air_walker/missing' aclocal-1.16 
(CDPATH="${ZSH_VERSION+.}:" && cd .. && /bin/bash '/home/j/project/buck_air_walker/missing' autoheader)
rm -f stamp-h1
touch ../config.h.in
CDPATH="${ZSH_VERSION+.}:" && cd .. && /bin/bash '/home/j/project/buck_air_walker/missing' autoconf
/bin/bash ./config.status --recheck
rm -f stamp-h1
cd . && /bin/bash ./config.status config.h
test -f config.h || rm -f stamp-h1
test -f config.h || make  stamp-h1
make  all-recursive
 
make[1]: Entering directory '/home/j/project/buck_air_walker/app/build'
CDPATH="${ZSH_VERSION+.}:" && cd .. && /bin/bash '/home/j/project/buck_air_walker/missing' aclocal-1.16 
 
 cd .. && /bin/bash /home/j/project/buck_air_walker/missing automake-1.16 --foreign
 
CDPATH="${ZSH_VERSION+.}:" && cd .. && /bin/bash '/home/j/project/buck_air_walker/missing' autoconf
 
/bin/bash ./config.status --recheck
 
running CONFIG_SHELL=/bin/bash /bin/bash ../configure --no-create --no-recursion
 
checking for a BSD-compatible install...  
/usr/bin/install -c
 
checking whether build environment is sane...  
yes
 
checking for a thread-safe mkdir -p...  
/usr/bin/mkdir -p
 
checking for gawk...  
gawk
 
checking whether make sets $(MAKE)...  
yes
 
checking whether make supports nested variables...  
yes
 
checking for g++...  
g++
 
checking whether the C++ compiler works...  
yes
 
checking for C++ compiler default output file name... a.out
 
checking for suffix of executables...  

 
checking whether we are cross compiling...  
no
 
checking for suffix of object files...  
o
 
checking whether we are using the GNU C++ compiler...  
yes
 
checking whether g++ accepts -g...  
yes
 
checking whether make supports the include directive...  
yes (GNU style)
 
checking dependency style of g++...  
gcc3
 
checking for ranlib...  
ranlib
 
checking for gcc...  
gcc
 
checking whether we are using the GNU C compiler...  
yes
 
checking whether gcc accepts -g...  
yes
 
checking for gcc option to accept ISO C89...  
none needed
 
checking whether gcc understands -c and -o together...  
yes
 
checking dependency style of gcc...  
gcc3
 
checking for ar...  
ar
 
checking the archiver (ar) interface...  
ar
 
checking that generated files are newer than configure...  
done
 
configure: creating ./config.status
 
 /bin/bash ./config.status
 
config.status: creating Makefile
 
config.status: creating source/Makefile
 
config.status: creating config.h
 
config.status: config.h is unchanged
 
config.status: executing depfiles commands
 
fail=; \
if (target_option=k; case ${target_option-} in ?) ;; *) echo "am__make_running_with_option: internal error: invalid" "target option '${target_option-}' specified" >&2; exit 1;; esac; has_opt=no; sane_makeflags=$MAKEFLAGS; if { if test -z '1'; then false; elif test -n 'x86_64-pc-linux-gnu'; then true; elif test -n '4.3' && test -n '/home/j/project/buck_air_walker/app/build'; then true; else false; fi; }; then sane_makeflags=$MFLAGS; else case $MAKEFLAGS in *\\[\ \	]*) bs=\\; sane_makeflags=`printf '%s\n' "$MAKEFLAGS" | sed "s/$bs$bs[$bs $bs	]*//g"`;; esac; fi; skip_next=no; strip_trailopt () { flg=`printf '%s\n' "$flg" | sed "s/$1.*$//"`; }; for flg in $sane_makeflags; do test $skip_next = yes && { skip_next=no; continue; }; case $flg in *=*|--*) continue;; -*I) strip_trailopt 'I'; skip_next=yes;; -*I?*) strip_trailopt 'I';; -*O) strip_trailopt 'O'; skip_next=yes;; -*O?*) strip_trailopt 'O';; -*l) strip_trailopt 'l'; skip_next=yes;; -*l?*) strip_trailopt 'l';; -[dEDm]) skip_next=yes;; -[JT]) skip_next=yes;; esac; case $flg in *$target_option*) has_opt=yes; break;; esac; done; test $has_opt = yes); then \
  failcom='fail=yes'; \
else \
  failcom='exit 1'; \
fi; \
dot_seen=no; \
target=`echo all-recursive | sed s/-recursive//`; \
case "all-recursive" in \
  distclean-* | maintainer-clean-*) list='source' ;; \
  *) list='source' ;; \
esac; \
for subdir in $list; do \
  echo "Making $target in $subdir"; \
  if test "$subdir" = "."; then \
    dot_seen=yes; \
    local_target="$target-am"; \
  else \
    local_target="$target"; \
  fi; \
  (CDPATH="${ZSH_VERSION+.}:" && cd $subdir && make  $local_target) \
  || eval $failcom; \
done; \
if test "$dot_seen" = "no"; then \
  make  "$target-am" || exit 1; \
fi; test -z "$fail"
 
Making all in source
 
make[2]: Entering directory '/home/j/project/buck_air_walker/app/build/source'
 
cd .. && make  am--refresh
 
make[3]: Entering directory '/home/j/project/buck_air_walker/app/build'
CDPATH="${ZSH_VERSION+.}:" && cd .. && /bin/bash '/home/j/project/buck_air_walker/missing' aclocal-1.16 
 
 cd .. && /bin/bash /home/j/project/buck_air_walker/missing automake-1.16 --foreign
 
CDPATH="${ZSH_VERSION+.}:" && cd .. && /bin/bash '/home/j/project/buck_air_walker/missing' autoconf
 
/bin/bash ./config.status --recheck
 
running CONFIG_SHELL=/bin/bash /bin/bash ../configure --no-create --no-recursion
 
checking for a BSD-compatible install...  
/usr/bin/install -c
 
checking whether build environment is sane...  
yes
 
checking for a thread-safe mkdir -p...  
/usr/bin/mkdir -p
 
checking for gawk...  
gawk
 
checking whether make sets $(MAKE)...  
yes
 
checking whether make supports nested variables...  
yes
 
checking for g++...  
g++
 
checking whether the C++ compiler works...  
yes
 
checking for C++ compiler default output file name... a.out
 
checking for suffix of executables...  

 
checking whether we are cross compiling...  
no
 
checking for suffix of object files...  
o
 
checking whether we are using the GNU C++ compiler...  
yes
 
checking whether g++ accepts -g...  
yes
 
checking whether make supports the include directive...  
yes (GNU style)
 
checking dependency style of g++...  
gcc3
 
checking for ranlib...  
ranlib
 
checking for gcc...  
gcc
 
checking whether we are using the GNU C compiler...  
yes
 
checking whether gcc accepts -g...  
yes
 
checking for gcc option to accept ISO C89...  
none needed
 
checking whether gcc understands -c and -o together...  
yes
checking dependency style of gcc...  
gcc3
 
checking for ar...  
ar
 
checking the archiver (ar) interface...  
ar
 
checking that generated files are newer than configure...  
done
 
configure: creating ./config.status
 
 /bin/bash ./config.status
 
config.status: creating Makefile
 
config.status: creating source/Makefile
 
config.status: creating config.h
 
config.status: config.h is unchanged
 
config.status: executing depfiles commands
 
make[3]: Leaving directory '/home/j/project/buck_air_walker/app/build'
 
make[3]: Entering directory '/home/j/project/buck_air_walker/app/build'
CDPATH="${ZSH_VERSION+.}:" && cd .. && /bin/bash '/home/j/project/buck_air_walker/missing' aclocal-1.16 
 
 cd .. && /bin/bash /home/j/project/buck_air_walker/missing automake-1.16 --foreign
 
CDPATH="${ZSH_VERSION+.}:" && cd .. && /bin/bash '/home/j/project/buck_air_walker/missing' autoconf
 
/bin/bash ./config.status --recheck
 
running CONFIG_SHELL=/bin/bash /bin/bash ../configure --no-create --no-recursion
 
checking for a BSD-compatible install...  
/usr/bin/install -c
 
checking whether build environment is sane...  
yes
 
checking for a thread-safe mkdir -p...  
/usr/bin/mkdir -p
 
checking for gawk...  
gawk
 
checking whether make sets $(MAKE)...  
yes
 
checking whether make supports nested variables...  
yes
 
checking for g++...  
g++
 
checking whether the C++ compiler works...  
yes
 
checking for C++ compiler default output file name... a.out
 
checking for suffix of executables...  

 
checking whether we are cross compiling...  
no
 
checking for suffix of object files...  
o
checking whether we are using the GNU C++ compiler...  
yes
 
checking whether g++ accepts -g...  
yes
 
checking whether make supports the include directive...  
yes (GNU style)
 
checking dependency style of g++...  
gcc3
 
checking for ranlib...  
ranlib
 
checking for gcc...  
gcc
 
checking whether we are using the GNU C compiler...  
yes
 
checking whether gcc accepts -g...  
yes
 
checking for gcc option to accept ISO C89...  
none needed
 
checking whether gcc understands -c and -o together...  
yes
 
checking dependency style of gcc...  
gcc3
 
checking for ar...  
ar
 
checking the archiver (ar) interface...  
ar
 
checking that generated files are newer than configure...  
done
 
configure: creating ./config.status
 
 /bin/bash ./config.status
 
config.status: creating Makefile
 
config.status: creating source/Makefile
 
config.status: creating config.h
 
config.status: config.h is unchanged
 
config.status: executing depfiles commands
 
make[3]: Leaving directory '/home/j/project/buck_air_walker/app/build'
 
cd .. && make  am--refresh
 
make[3]: Entering directory '/home/j/project/buck_air_walker/app/build'
CDPATH="${ZSH_VERSION+.}:" && cd .. && /bin/bash '/home/j/project/buck_air_walker/missing' aclocal-1.16 
 
 cd .. && /bin/bash /home/j/project/buck_air_walker/missing automake-1.16 --foreign
 
CDPATH="${ZSH_VERSION+.}:" && cd .. && /bin/bash '/home/j/project/buck_air_walker/missing' autoconf
 
/bin/bash ./config.status --recheck
 
running CONFIG_SHELL=/bin/bash /bin/bash ../configure --no-create --no-recursion
 
checking for a BSD-compatible install...  
/usr/bin/install -c
 
checking whether build environment is sane...  
yes
 
checking for a thread-safe mkdir -p...  
/usr/bin/mkdir -p
 
checking for gawk...  
gawk
 
checking whether make sets $(MAKE)...  
yes
 
checking whether make supports nested variables...  
yes
 
checking for g++...  
g++
 
checking whether the C++ compiler works...  
yes
 
checking for C++ compiler default output file name... a.out
 
checking for suffix of executables...  

 
checking whether we are cross compiling...  
no
 
checking for suffix of object files...  
o
 
checking whether we are using the GNU C++ compiler...  
yes
 
checking whether g++ accepts -g...  
yes
 
checking whether make supports the include directive...  
yes (GNU style)
 
checking dependency style of g++...  
gcc3
 
checking for ranlib... ranlib
 
checking for gcc...  
gcc
 
checking whether we are using the GNU C compiler...  
yes
 
checking whether gcc accepts -g...  
yes
 
checking for gcc option to accept ISO C89...  
none needed
 
checking whether gcc understands -c and -o together...  
yes
 
checking dependency style of gcc...  
gcc3
 
checking for ar...  
ar
 
checking the archiver (ar) interface...  
ar
 
checking that generated files are newer than configure...  
done
 
configure: creating ./config.status
 
 /bin/bash ./config.status
 
config.status: creating Makefile
 
config.status: creating source/Makefile
 
config.status: creating config.h
 
config.status: config.h is unchanged
 
config.status: executing depfiles commands
 
make[3]: Leaving directory '/home/j/project/buck_air_walker/app/build'
 
cd .. && make  am--refresh
 
make[3]: Entering directory '/home/j/project/buck_air_walker/app/build'
CDPATH="${ZSH_VERSION+.}:" && cd .. && /bin/bash '/home/j/project/buck_air_walker/missing' aclocal-1.16 
 
 cd .. && /bin/bash /home/j/project/buck_air_walker/missing automake-1.16 --foreign
 
CDPATH="${ZSH_VERSION+.}:" && cd .. && /bin/bash '/home/j/project/buck_air_walker/missing' autoconf
 
/bin/bash ./config.status --recheck
 
running CONFIG_SHELL=/bin/bash /bin/bash ../configure --no-create --no-recursion
 
checking for a BSD-compatible install...  
/usr/bin/install -c
 
checking whether build environment is sane...  
yes
 
checking for a thread-safe mkdir -p...  
/usr/bin/mkdir -p
 
checking for gawk...  
gawk
 
checking whether make sets $(MAKE)...  
yes
 
checking whether make supports nested variables...  
yes
 
checking for g++...  
g++
 
checking whether the C++ compiler works...  
yes
checking for C++ compiler default output file name...  
a.out
 
checking for suffix of executables...  

 
checking whether we are cross compiling...  
no
 
checking for suffix of object files...  
o
 
checking whether we are using the GNU C++ compiler...  
yes
 
checking whether g++ accepts -g...  
yes
 
checking whether make supports the include directive...  
yes (GNU style)
 
checking dependency style of g++...  
gcc3
 
checking for ranlib...  
ranlib
 
checking for gcc...  
gcc
 
checking whether we are using the GNU C compiler...  
yes
 
checking whether gcc accepts -g...  
yes
 
checking for gcc option to accept ISO C89...  
none needed
 
checking whether gcc understands -c and -o together...  
yes
 
checking dependency style of gcc...  
gcc3
 
checking for ar...  
ar
 
checking the archiver (ar) interface...  
ar
 
checking that generated files are newer than configure...  
done
 
configure: creating ./config.status
 
 /bin/bash ./config.status
 
config.status: creating Makefile
 
config.status: creating source/Makefile
 
config.status: creating config.h
 
config.status: config.h is unchanged
 
config.status: executing depfiles commands
 
make[3]: Leaving directory '/home/j/project/buck_air_walker/app/build'
 
make[3]: Entering directory '/home/j/project/buck_air_walker/app/build'
CDPATH="${ZSH_VERSION+.}:" && cd .. && /bin/bash '/home/j/project/buck_air_walker/missing' aclocal-1.16 
 
 cd .. && /bin/bash /home/j/project/buck_air_walker/missing automake-1.16 --foreign
 
CDPATH="${ZSH_VERSION+.}:" && cd .. && /bin/bash '/home/j/project/buck_air_walker/missing' autoconf
 
/bin/bash ./config.status --recheck
 
running CONFIG_SHELL=/bin/bash /bin/bash ../configure --no-create --no-recursion
 
checking for a BSD-compatible install...  
/usr/bin/install -c
 
checking whether build environment is sane...  
yes
 
checking for a thread-safe mkdir -p...  
/usr/bin/mkdir -p
 
checking for gawk...  
gawk
 
checking whether make sets $(MAKE)...  
yes
 
checking whether make supports nested variables...  
yes
 
checking for g++...  
g++
 
checking whether the C++ compiler works...  
yes
 
checking for C++ compiler default output file name... a.out
 
checking for suffix of executables...  

 
checking whether we are cross compiling...  
no
 
checking for suffix of object files...  
o
 
checking whether we are using the GNU C++ compiler...  
yes
 
checking whether g++ accepts -g...  
yes
 
checking whether make supports the include directive...  
yes (GNU style)
 
checking dependency style of g++...  
gcc3
 
checking for ranlib...  
ranlib
 
checking for gcc...  
gcc
 
checking whether we are using the GNU C compiler...  
yes
 
checking whether gcc accepts -g...  
yes
 
checking for gcc option to accept ISO C89...  
none needed
 
checking whether gcc understands -c and -o together...  
yes
 
checking dependency style of gcc...  
gcc3
 
checking for ar...  
ar
 
checking the archiver (ar) interface...  
ar
 
checking that generated files are newer than configure...  
done
 
configure: creating ./config.status
 
 /bin/bash ./config.status
 
config.status: creating Makefile
 
config.status: creating source/Makefile
 
config.status: creating config.h
 
config.status: config.h is unchanged
 
config.status: executing depfiles commands
 
make[3]: Leaving directory '/home/j/project/buck_air_walker/app/build'
 
g++ -DHAVE_CONFIG_H -I. -I../../source -I..  -std=c++2a -I../../source/../include/   -g -O2 -MT main.o -MD -MP -MF .deps/main.Tpo -c -o main.o ../../source/main.cpp
mv -f .deps/main.Tpo .deps/main.Po
 
g++ -DHAVE_CONFIG_H -I. -I../../source -I..  -std=c++2a -I../../source/../include/   -g -O2 -MT baw.o -MD -MP -MF .deps/baw.Tpo -c -o baw.o ../../source/baw.cpp
mv -f .deps/baw.Tpo .deps/baw.Po
rm -f baw
g++  -g -O2   -o baw main.o baw.o ../../../utillib/build/source/libutil.a 
make[2]: Leaving directory '/home/j/project/buck_air_walker/app/build/source'
 
make[2]: Entering directory '/home/j/project/buck_air_walker/app/build'
CDPATH="${ZSH_VERSION+.}:" && cd .. && /bin/bash '/home/j/project/buck_air_walker/missing' aclocal-1.16 
 
 cd .. && /bin/bash /home/j/project/buck_air_walker/missing automake-1.16 --foreign
 
CDPATH="${ZSH_VERSION+.}:" && cd .. && /bin/bash '/home/j/project/buck_air_walker/missing' autoconf
 
/bin/bash ./config.status --recheck
 
running CONFIG_SHELL=/bin/bash /bin/bash ../configure --no-create --no-recursion
 
checking for a BSD-compatible install...  
/usr/bin/install -c
 
checking whether build environment is sane...  
yes
 
checking for a thread-safe mkdir -p...  
/usr/bin/mkdir -p
 
checking for gawk...  
gawk
 
checking whether make sets $(MAKE)...  
yes
 
checking whether make supports nested variables...  
yes
 
checking for g++...  
g++
 
checking whether the C++ compiler works...  
yes
 
checking for C++ compiler default output file name... a.out
 
checking for suffix of executables...  

 
checking whether we are cross compiling...  
no
 
checking for suffix of object files...  
o
checking whether we are using the GNU C++ compiler...  
yes
 
checking whether g++ accepts -g...  
yes
 
checking whether make supports the include directive...  
yes (GNU style)
 
checking dependency style of g++...  
gcc3
 
checking for ranlib...  
ranlib
 
checking for gcc...  
gcc
 
checking whether we are using the GNU C compiler...  
yes
 
checking whether gcc accepts -g...  
yes
 
checking for gcc option to accept ISO C89...  
none needed
 
checking whether gcc understands -c and -o together...  
yes
 
checking dependency style of gcc...  
gcc3
 
checking for ar... ar
 
checking the archiver (ar) interface...  
ar
 
checking that generated files are newer than configure...  
done
 
configure: creating ./config.status
 
 /bin/bash ./config.status
 
config.status: creating Makefile
 
config.status: creating source/Makefile
 
config.status: creating config.h
 
config.status: config.h is unchanged
 
config.status: executing depfiles commands
 
(CDPATH="${ZSH_VERSION+.}:" && cd .. && /bin/bash '/home/j/project/buck_air_walker/missing' autoheader)
rm -f stamp-h1
touch ../config.h.in
rm -f stamp-h1
cd . && /bin/bash ./config.status config.h
test -f config.h || rm -f stamp-h1
test -f config.h || make  stamp-h1
 
make[2]: Leaving directory '/home/j/project/buck_air_walker/app/build'
 
make[1]: Leaving directory '/home/j/project/buck_air_walker/app/build'
 
make: Leaving directory '/home/j/project/buck_air_walker/app/build'
 
