make all -f "/home/j/project/buck_air_walker/app/build/Makefile" -C "/home/j/project/buck_air_walker/app/build" --print-data-base --no-builtin-variables --no-builtin-rules --question
# GNU Make 4.3
# Built for x86_64-pc-linux-gnu
# Copyright (C) 1988-2020 Free Software Foundation, Inc.
# License GPLv3+: GNU GPL version 3 or later <http://gnu.org/licenses/gpl.html>
# This is free software: you are free to change and redistribute it.
# There is NO WARRANTY, to the extent permitted by law.
 

# Make data base, printed on Thu Sep 23 12:38:37 2021

# Variables

# makefile (from '/home/j/project/buck_air_walker/app/build/Makefile', line 280)
localstatedir = ${prefix}/var
# makefile (from '/home/j/project/buck_air_walker/app/build/Makefile', line 72)
pkgdatadir = $(datadir)/buckairwalker_app
# makefile (from '/home/j/project/buck_air_walker/app/build/Makefile', line 243)
PACKAGE_TARNAME = buckairwalker_app
# makefile (from '/home/j/project/buck_air_walker/app/build/Makefile', line 229)
INSTALL_PROGRAM = ${INSTALL}
# environment
GDK_BACKEND = x11
# environment
LC_ALL = C
# makefile (from '/home/j/project/buck_air_walker/app/build/Makefile', line 208)
AR = ar
# makefile (from '/home/j/project/buck_air_walker/app/build/Makefile', line 238)
OBJEXT = o
# makefile (from '/home/j/project/buck_air_walker/app/build/Makefile', line 258)
ac_ct_CXX = g++
# makefile (from '/home/j/project/buck_air_walker/app/build/Makefile', line 162)
distdir = $(PACKAGE)-$(VERSION)
# makefile (from '/home/j/project/buck_air_walker/app/build/Makefile', line 84)
POST_INSTALL = :
# makefile (from '/home/j/project/buck_air_walker/app/build/Makefile', line 91)
am__configure_deps = $(am__aclocal_m4_deps) $(CONFIGURE_DEPENDENCIES) $(ACLOCAL_M4)
# makefile (from '/home/j/project/buck_air_walker/app/build/Makefile', line 136)
am__tagged_files = $(HEADERS) $(SOURCES) $(TAGS_FILES) $(LISP) config.h.in
# makefile (from '/home/j/project/buck_air_walker/app/build/Makefile', line 241)
PACKAGE_NAME = buckairwalker_app
# makefile (from '/home/j/project/buck_air_walker/app/build/Makefile', line 200)
AM_DISTCHECK_DVI_TARGET = dvi
# makefile (from '/home/j/project/buck_air_walker/app/build/Makefile', line 276)
install_sh = ${SHELL} /home/j/project/buck_air_walker/install-sh
# environment
VSCODE_IPC_HOOK_EXTHOST = /run/user/1000/vscode-ipc-60ac51e8-229b-4c5c-ac16-1aecb1cee24d.sock
# makefile (from '/home/j/project/buck_air_walker/app/build/Makefile', line 16)
VPATH = ..
# makefile (from '/home/j/project/buck_air_walker/app/build/Makefile', line 230)
INSTALL_SCRIPT = ${INSTALL}
# environment
VSCODE_CWD = /home/j
# makefile (from '/home/j/project/buck_air_walker/app/build/Makefile', line 115)
RECURSIVE_TARGETS = all-recursive check-recursive cscopelist-recursive ctags-recursive dvi-recursive html-recursive info-recursive install-data-recursive install-dvi-recursive install-exec-recursive install-html-recursive install-info-recursive install-pdf-recursive install-ps-recursive install-recursive installcheck-recursive installdirs-recursive pdf-recursive ps-recursive tags-recursive uninstall-recursive
# makefile (from '/home/j/project/buck_air_walker/app/build/Makefile', line 234)
LIBS = 
# makefile (from '/home/j/project/buck_air_walker/app/build/Makefile', line 106)
am__v_GEN_ = $(am__v_GEN_$(AM_DEFAULT_VERBOSITY))
# makefile (from '/home/j/project/buck_air_walker/app/build/Makefile', line 28)
am__make_running_with_option = case $${target_option-} in ?) ;; *) echo "am__make_running_with_option: internal error: invalid" "target option '$${target_option-}' specified" >&2; exit 1;; esac; has_opt=no; sane_makeflags=$$MAKEFLAGS; if $(am__is_gnu_make); then sane_makeflags=$$MFLAGS; else case $$MAKEFLAGS in *\\[\ \	]*) bs=\\; sane_makeflags=`printf '%s\n' "$$MAKEFLAGS" | sed "s/$$bs$$bs[$$bs $$bs	]*//g"`;; esac; fi; skip_next=no; strip_trailopt () { flg=`printf '%s\n' "$$flg" | sed "s/$$1.*$$//"`; }; for flg in $$sane_makeflags; do test $$skip_next = yes && { skip_next=no; continue; }; case $$flg in *=*|--*) continue;; -*I) strip_trailopt 'I'; skip_next=yes;; -*I?*) strip_trailopt 'I';; -*O) strip_trailopt 'O'; skip_next=yes;; -*O?*) strip_trailopt 'O';; -*l) strip_trailopt 'l'; skip_next=yes;; -*l?*) strip_trailopt 'l';; -[dEDm]) skip_next=yes;; -[JT]) skip_next=yes;; esac; case $$flg in *$$target_option*) has_opt=yes; break;; esac; done; test $$has_opt = yes
# makefile (from '/home/j/project/buck_air_walker/app/build/Makefile', line 223)
ECHO_C = 
# makefile (from '/home/j/project/buck_air_walker/app/build/Makefile', line 285)
prefix = /usr/local
# makefile (from '/home/j/project/buck_air_walker/app/build/Makefile', line 161)
DISTFILES = $(DIST_COMMON) $(DIST_SOURCES) $(TEXINFOS) $(EXTRA_DIST)
# default
MAKE_COMMAND := make
# environment
QT_ACCESSIBILITY = 1
# automatic
@D = $(patsubst %/,%,$(dir $@))
# makefile (from '/home/j/project/buck_air_walker/app/build/Makefile', line 245)
PACKAGE_VERSION = 0.1
# makefile (from '/home/j/project/buck_air_walker/app/build/Makefile', line 101)
AM_V_P = $(am__v_P_$(V))
# makefile (from '/home/j/project/buck_air_walker/app/build/Makefile', line 221)
DEFS = -DHAVE_CONFIG_H
# makefile (from '/home/j/project/buck_air_walker/app/build/Makefile', line 154)
ETAGS = etags
# environment
VSCODE_HANDLES_UNCAUGHT_ERRORS = true
# default
.VARIABLES := 
# environment
PWD = /home/j/project/buck_air_walker/app
# makefile (from '/home/j/project/buck_air_walker/app/build/Makefile', line 214)
CCDEPMODE = depmode=gcc3
# automatic
%D = $(patsubst %/,%,$(dir $%))
# makefile (from '/home/j/project/buck_air_walker/app/build/Makefile', line 171)
am__relativize = dir0=`pwd`; sed_first='s,^\([^/]*\)/.*$$,\1,'; sed_rest='s,^[^/]*/*,,'; sed_last='s,^.*/\([^/]*\)$$,\1,'; sed_butlast='s,/*[^/]*$$,,'; while test -n "$$dir1"; do first=`echo "$$dir1" | sed -e "$$sed_first"`; if test "$$first" != "."; then if test "$$first" = ".."; then dir2=`echo "$$dir0" | sed -e "$$sed_last"`/"$$dir2"; dir0=`echo "$$dir0" | sed -e "$$sed_butlast"`; else first2=`echo "$$dir2" | sed -e "$$sed_first"`; if test "$$first2" = "$$first"; then dir2=`echo "$$dir2" | sed -e "$$sed_rest"`; else dir2="../$$dir2"; fi; dir0="$$dir0"/"$$first"; fi; fi; dir1=`echo "$$dir1" | sed -e "$$sed_rest"`; done; reldir="$$dir2"
# makefile (from '/home/j/project/buck_air_walker/app/build/Makefile', line 293)
target_alias = 
# makefile (from '/home/j/project/buck_air_walker/app/build/Makefile', line 267)
datadir = ${datarootdir}
# environment
XDG_DATA_DIRS = /usr/local/share:/usr/share:/usr/share/gdm:/var/lib/menu-xdg:/usr/local/share/:/usr/share/:/usr/share/gdm/:/var/lib/menu-xdg/
# automatic
^D = $(patsubst %/,%,$(dir $^))
# makefile (from '/home/j/project/buck_air_walker/app/build/Makefile', line 233)
LIBOBJS = 
# environment
VSCODE_LOG_STACK = false
# automatic
%F = $(notdir $%)
# makefile (from '/home/j/project/buck_air_walker/app/build/Makefile', line 266)
builddir = .
# makefile (from '/home/j/project/buck_air_walker/app/build/Makefile', line 100)
CONFIG_CLEAN_VPATH_FILES = 
# environment
VSCODE_CODE_CACHE_PATH = /home/j/.config/Code/CachedData/e7d7e9a9348e6a8cc8c03f877d39cb72e5dfb1ff
# environment
XDG_SESSION_PATH = /org/freedesktop/DisplayManager/Session0
# makefile (from '/home/j/project/buck_air_walker/app/build/Makefile', line 256)
ac_ct_AR = ar
# environment
LANG = C
# environment
XAUTHORITY = /home/j/.Xauthority
# makefile (from '/home/j/project/buck_air_walker/app/build/Makefile', line 287)
psdir = ${docdir}
# default
.LOADED := 
# default
.INCLUDE_DIRS = /usr/local/include /usr/include /usr/include
# makefile (from '/home/j/project/buck_air_walker/app/build/Makefile', line 281)
mandir = ${datarootdir}/man
# makefile
MAKEFLAGS = pqrRw
# makefile (from '/home/j/project/buck_air_walker/app/build/Makefile', line 70)
am__make_dryrun = (target_option=n; $(am__make_running_with_option))
# makefile (from '/home/j/project/buck_air_walker/app/build/Makefile', line 218)
CXXDEPMODE = depmode=gcc3
# makefile (from '/home/j/project/buck_air_walker/app/build/Makefile', line 220)
CYGPATH_W = echo
# makefile (from '/home/j/project/buck_air_walker/app/build/Makefile', line 164)
am__remove_distdir = if test -d "$(distdir)"; then find "$(distdir)" -type d ! -perm -200 -exec chmod u+w {} ';' && rm -rf "$(distdir)" || { sleep 5 && rm -rf "$(distdir)"; }; else :; fi
# makefile (from '/home/j/project/buck_air_walker/app/build/Makefile', line 112)
am__v_at_1 = 
# makefile
CURDIR := /home/j/project/buck_air_walker/app/build
# makefile (from '/home/j/project/buck_air_walker/app/build/Makefile', line 93)
DIST_COMMON = $(srcdir)/Makefile.am $(top_srcdir)/configure $(am__configure_deps) $(am__DIST_COMMON)
# environment
VSCODE_PIPE_LOGGING = true
# environment
APPLICATION_INSIGHTS_NO_DIAGNOSTIC_CHANNEL = true
# makefile (from '/home/j/project/buck_air_walker/app/build/Makefile', line 210)
AUTOHEADER = ${SHELL} '/home/j/project/buck_air_walker/missing' autoheader
# automatic
*D = $(patsubst %/,%,$(dir $*))
# makefile (from '/home/j/project/buck_air_walker/app/build/Makefile', line 251)
VERSION = 0.1
# makefile (from '/home/j/project/buck_air_walker/app/build/Makefile', line 278)
libexecdir = ${exec_prefix}/libexec
# makefile (from '/home/j/project/buck_air_walker/app/build/Makefile', line 107)
am__v_GEN_0 = @echo "  GEN     " $@;
# environment
MFLAGS = -pqrRw
# environment
SSH_AUTH_SOCK = /tmp/ssh-SHO301mxNJhp/agent.1431
# default
.SHELLFLAGS := -c
# environment
_LXSESSION_PID = 1431
# makefile (from '/home/j/project/buck_air_walker/app/build/Makefile', line 286)
program_transform_name = s,x,x,
# makefile (from '/home/j/project/buck_air_walker/app/build/Makefile', line 269)
docdir = ${datarootdir}/doc/${PACKAGE_TARNAME}
# environment
XDG_CONFIG_DIRS = /etc/xdg
# automatic
+D = $(patsubst %/,%,$(dir $+))
# makefile (from '/home/j/project/buck_air_walker/app/build/Makefile', line 259)
am__include = include
# environment
 
VSCODE_CRASH_REPORTER_START_OPTIONS = {"companyName":"Microsoft","productName":"VSCode","submitURL":"appcenter://code?aid=fba07a4d-84bd-4fc8-a125-9640fc8ce171&uid=b9a2287a-c033-4d95-a3ba-45c9481f2d54&iid=b9a2287a-c033-4d95-a3ba-45c9481f2d54&sid=b9a2287a-c033-4d95-a3ba-45c9481f2d54","uploadToServer":true}
# environment
XDG_SESSION_DESKTOP = lightdm-xsession
# makefile (from '/home/j/project/buck_air_walker/app/build/Makefile', line 1)
MAKEFILE_LIST := /home/j/project/buck_air_walker/app/build/Makefile
# automatic
@F = $(notdir $@)
# makefile (from '/home/j/project/buck_air_walker/app/build/Makefile', line 224)
ECHO_N = -n
# environment
VSCODE_VERBOSE_LOGGING = true
# environment
VSCODE_PID = 4113
# environment
XDG_SESSION_TYPE = x11
# automatic
?D = $(patsubst %/,%,$(dir $?))
# makefile (from '/home/j/project/buck_air_walker/app/build/Makefile', line 90)
am__aclocal_m4_deps = $(top_srcdir)/configure.ac
# makefile (from '/home/j/project/buck_air_walker/app/build/Makefile', line 247)
RANLIB = ranlib
# makefile (from '/home/j/project/buck_air_walker/app/build/Makefile', line 272)
host_alias = 
# makefile (from '/home/j/project/buck_air_walker/app/build/Makefile', line 239)
PACKAGE = buckairwalker_app
# environment
SAL_USE_VCLPLUGIN = gtk
# makefile (from '/home/j/project/buck_air_walker/app/build/Makefile', line 110)
am__v_at_ = $(am__v_at_$(AM_DEFAULT_VERBOSITY))
# makefile (from '/home/j/project/buck_air_walker/app/build/Makefile', line 114)
DIST_SOURCES = 
# makefile (from '/home/j/project/buck_air_walker/app/build/Makefile', line 240)
PACKAGE_BUGREPORT = Levitat0r@protonmail.com
# makefile (from '/home/j/project/buck_air_walker/app/build/Makefile', line 227)
INSTALL = /usr/bin/install -c
# environment
XDG_DATA_HOME = /home/j/.local/share
# makefile (from '/home/j/project/buck_air_walker/app/build/Makefile', line 265)
build_alias = 
# makefile (from '/home/j/project/buck_air_walker/app/build/Makefile', line 76)
am__cd = CDPATH="$${ZSH_VERSION+.}$(PATH_SEPARATOR)" && cd
# automatic
*F = $(notdir $*)
# makefile (from '/home/j/project/buck_air_walker/app/build/Makefile', line 212)
AWK = gawk
# makefile (from '/home/j/project/buck_air_walker/app/build/Makefile', line 95)
am__CONFIG_DISTCLEAN_FILES = config.status config.cache config.log configure.lineno config.status.lineno
# makefile (from '/home/j/project/buck_air_walker/app/build/Makefile', line 157)
DIST_SUBDIRS = $(SUBDIRS)
# makefile (from '/home/j/project/buck_air_walker/app/build/Makefile', line 231)
INSTALL_STRIP_PROGRAM = $(install_sh) -c -s
# makefile (from '/home/j/project/buck_air_walker/app/build/Makefile', line 225)
ECHO_T = 
# environment
CHROME_DESKTOP = code-url-handler.desktop
# makefile (from '/home/j/project/buck_air_walker/app/build/Makefile', line 206)
AMTAR = $${TAR-tar}
# environment
DBUS_SESSION_BUS_ADDRESS = unix:path=/run/user/1000/bus
# automatic
<D = $(patsubst %/,%,$(dir $<))
# makefile (from '/home/j/project/buck_air_walker/app/build/Makefile', line 260)
am__leading_dot = .
# makefile (from '/home/j/project/buck_air_walker/app/build/Makefile', line 130)
am__recursive_targets = $(RECURSIVE_TARGETS) $(RECURSIVE_CLEAN_TARGETS) $(am__extra_recursive_targets)
# makefile (from '/home/j/project/buck_air_walker/app/build/Makefile', line 211)
AUTOMAKE = ${SHELL} '/home/j/project/buck_air_walker/missing' automake-1.16
# environment
VSCODE_NLS_CONFIG = {"locale":"en-us","availableLanguages":{},"_languagePackSupport":true}
# environment
BREAKPAD_DUMP_LOCATION = /home/j/.config/Code/exthost Crash Reports
# makefile (from '/home/j/project/buck_air_walker/app/build/Makefile', line 237)
MKDIR_P = /usr/bin/mkdir -p
# default
MAKE_HOST := x86_64-pc-linux-gnu
# makefile (from '/home/j/project/buck_air_walker/app/build/Makefile', line 255)
abs_top_srcdir = /home/j/project/buck_air_walker/app/build/..
# makefile (from '/home/j/project/buck_air_walker/app/build/Makefile', line 83)
PRE_INSTALL = :
# makefile (from '/home/j/project/buck_air_walker/app/build/Makefile', line 249)
SHELL = /bin/bash
# default
MAKECMDGOALS := all
# environment
PLATFORMIO_CALLER = vscode
# makefile (from '/home/j/project/buck_air_walker/app/build/Makefile', line 283)
oldincludedir = /usr/include
# environment
SHLVL = 0
# makefile (from '/home/j/project/buck_air_walker/app/build/Makefile', line 292)
sysconfdir = ${prefix}/etc
# makefile (from '/home/j/project/buck_air_walker/app/build/Makefile', line 296)
top_srcdir = ..
# makefile (from '/home/j/project/buck_air_walker/app/build/Makefile', line 98)
CONFIG_HEADER = config.h
# environment
MAKELEVEL := 0
# makefile (from '/home/j/project/buck_air_walker/app/build/Makefile', line 89)
ACLOCAL_M4 = $(top_srcdir)/aclocal.m4
# default
MAKE = $(MAKE_COMMAND)
# makefile (from '/home/j/project/buck_air_walker/app/build/Makefile', line 295)
top_builddir = .
# environment
PATH = /home/j/.local/bin:/home/j/arm-tools/bin:/home/j/.local/bin:/home/j/.local/bin:/home/j/arm-tools/bin:/usr/local/bin:/usr/bin:/bin:/usr/local/games:/usr/games
# makefile (from '/home/j/project/buck_air_walker/app/build/Makefile', line 155)
CTAGS = ctags
# default
MAKEFILES := 
# makefile (from '/home/j/project/buck_air_walker/app/build/Makefile', line 226)
EXEEXT = 
# makefile (from '/home/j/project/buck_air_walker/app/build/Makefile', line 204)
distcleancheck_listfiles = find . -type f -print
# makefile (from '/home/j/project/buck_air_walker/app/build/Makefile', line 246)
PATH_SEPARATOR = :
# makefile (from '/home/j/project/buck_air_walker/app/build/Makefile', line 275)
infodir = ${datarootdir}/info
# makefile (from '/home/j/project/buck_air_walker/app/build/Makefile', line 196)
DIST_ARCHIVES = $(distdir).tar.gz
# automatic
^F = $(notdir $^)
# makefile (from '/home/j/project/buck_air_walker/app/build/Makefile', line 198)
DIST_TARGETS = dist-gzip
# makefile (from '/home/j/project/buck_air_walker/app/build/Makefile', line 242)
PACKAGE_STRING = buckairwalker_app 0.1
# makefile (from '/home/j/project/buck_air_walker/app/build/Makefile', line 109)
AM_V_at = $(am__v_at_$(V))
# makefile (from '/home/j/project/buck_air_walker/app/build/Makefile', line 279)
localedir = ${datarootdir}/locale
# makefile (from '/home/j/project/buck_air_walker/app/build/Makefile', line 264)
bindir = ${exec_prefix}/bin
# makefile (from '/home/j/project/buck_air_walker/app/build/Makefile', line 80)
INSTALL_HEADER = $(INSTALL_DATA)
# makefile (from '/home/j/project/buck_air_walker/app/build/Makefile', line 156)
CSCOPE = cscope
# makefile (from '/home/j/project/buck_air_walker/app/build/Makefile', line 268)
datarootdir = ${prefix}/share
# makefile (from '/home/j/project/buck_air_walker/app/build/Makefile', line 77)
install_sh_DATA = $(install_sh) -c -m 644
# environment
XDG_CONFIG_HOME = /home/j/.config
# makefile (from '/home/j/project/buck_air_walker/app/build/Makefile', line 17)
am__is_gnu_make = { if test -z '$(MAKELEVEL)'; then false; elif test -n '$(MAKE_HOST)'; then true; elif test -n '$(MAKE_VERSION)' && test -n '$(CURDIR)'; then true; else false; fi; }
# environment
VSCODE_LOG_NATIVE = false
# makefile (from '/home/j/project/buck_air_walker/app/build/Makefile', line 282)
mkdir_p = $(MKDIR_P)
# makefile (from '/home/j/project/buck_air_walker/app/build/Makefile', line 99)
CONFIG_CLEAN_FILES = 
# makefile (from '/home/j/project/buck_air_walker/app/build/Makefile', line 88)
subdir = .
# makefile (from '/home/j/project/buck_air_walker/app/build/Makefile', line 271)
exec_prefix = ${prefix}
# automatic
?F = $(notdir $?)
# makefile (from '/home/j/project/buck_air_walker/app/build/Makefile', line 74)
pkglibdir = $(libdir)/buckairwalker_app
# environment
XDG_SEAT = seat0
# makefile (from '/home/j/project/buck_air_walker/app/build/Makefile', line 104)
am__v_P_1 = :
# environment
NO_PROXY = 127.0.0.1
# environment
XDG_CURRENT_DESKTOP = LXDE
# environment
LS_COLORS = 
# automatic
+F = $(notdir $+)
# environment
XDG_SEAT_PATH = /org/freedesktop/DisplayManager/Seat0
# environment
DESKTOP_SESSION = LXDE
# environment
ORIGINAL_XDG_CURRENT_DESKTOP = LXDE
# makefile (from '/home/j/project/buck_air_walker/app/build/Makefile', line 87)
POST_UNINSTALL = :
# makefile (from '/home/j/project/buck_air_walker/app/build/Makefile', line 262)
am__tar = $${TAR-tar} chof - "$$tardir"
# makefile (from '/home/j/project/buck_air_walker/app/build/Makefile', line 236)
MAKEINFO = ${SHELL} '/home/j/project/buck_air_walker/missing' makeinfo
# makefile (from '/home/j/project/buck_air_walker/app/build/Makefile', line 274)
includedir = ${prefix}/include
# 'override' directive
GNUMAKEFLAGS := 
# makefile (from '/home/j/project/buck_air_walker/app/build/Makefile', line 253)
abs_srcdir = /home/j/project/buck_air_walker/app/build/..
# makefile (from '/home/j/project/buck_air_walker/app/build/Makefile', line 71)
am__make_keepgoing = (target_option=k; $(am__make_running_with_option))
 
# makefile (from '/home/j/project/buck_air_walker/app/build/Makefile', line 291)
srcdir = ..
# makefile (from '/home/j/project/buck_air_walker/app/build/Makefile', line 290)
sharedstatedir = ${prefix}/com
# makefile (from '/home/j/project/buck_air_walker/app/build/Makefile', line 248)
SET_MAKE = 
# makefile (from '/home/j/project/buck_air_walker/app/build/Makefile', line 108)
am__v_GEN_1 = 
# makefile (from '/home/j/project/buck_air_walker/app/build/Makefile', line 134)
AM_RECURSIVE_TARGETS = $(am__recursive_targets:-recursive=) TAGS CTAGS cscope distdir distdir-am dist dist-all distcheck
# environment
LOGNAME = j
# makefile (from '/home/j/project/buck_air_walker/app/build/Makefile', line 75)
pkglibexecdir = $(libexecdir)/buckairwalker_app
# makefile (from '/home/j/project/buck_air_walker/app/build/Makefile', line 79)
install_sh_SCRIPT = $(install_sh) -c
# makefile (from '/home/j/project/buck_air_walker/app/build/Makefile', line 216)
CPPFLAGS = 
# environment
PLATFORMIO_PATH = /home/j/.platformio/penv/bin:/home/j/.platformio/penv:/home/j/.platformio/python3/bin:/home/j/.local/bin:/home/j/arm-tools/bin:/home/j/.local/bin:/home/j/.local/bin:/home/j/arm-tools/bin:/usr/local/bin:/usr/bin:/bin:/usr/local/games:/usr/games
# makefile (from '/home/j/project/buck_air_walker/app/build/Makefile', line 235)
LTLIBOBJS = 
# environment
XDG_VTNR = 7
# makefile (from '/home/j/project/buck_air_walker/app/build/Makefile', line 102)
am__v_P_ = $(am__v_P_$(AM_DEFAULT_VERBOSITY))
# makefile
.DEFAULT_GOAL := all
# makefile (from '/home/j/project/buck_air_walker/app/build/Makefile', line 78)
install_sh_PROGRAM = $(install_sh) -c
# makefile (from '/home/j/project/buck_air_walker/app/build/Makefile', line 201)
distuninstallcheck_listfiles = find . -type f -print
# environment
DISPLAY = :0
# environment
USER = j
# environment
GTK_MODULES = gail:atk-bridge
# makefile (from '/home/j/project/buck_air_walker/app/build/Makefile', line 261)
am__quote = 
# default
MAKE_VERSION := 4.3
# makefile (from '/home/j/project/buck_air_walker/app/build/Makefile', line 103)
am__v_P_0 = false
# makefile (from '/home/j/project/buck_air_walker/app/build/Makefile', line 254)
abs_top_builddir = /home/j/project/buck_air_walker/app/build
# makefile (from '/home/j/project/buck_air_walker/app/build/Makefile', line 207)
AM_DEFAULT_VERBOSITY = 1
# makefile (from '/home/j/project/buck_air_walker/app/build/Makefile', line 232)
LDFLAGS = 
# makefile (from '/home/j/project/buck_air_walker/app/build/Makefile', line 252)
abs_builddir = /home/j/project/buck_air_walker/app/build
# makefile (from '/home/j/project/buck_air_walker/app/build/Makefile', line 111)
am__v_at_0 = @
# makefile (from '/home/j/project/buck_air_walker/app/build/Makefile', line 170)
am__post_remove_distdir = $(am__remove_distdir)
# makefile (from '/home/j/project/buck_air_walker/app/build/Makefile', line 284)
pdfdir = ${docdir}
# environment
SSH_AGENT_PID = 1524
# makefile (from '/home/j/project/buck_air_walker/app/build/Makefile', line 86)
PRE_UNINSTALL = :
# environment
_ = /usr/share/code/code
# makefile (from '/home/j/project/buck_air_walker/app/build/Makefile', line 209)
AUTOCONF = ${SHELL} '/home/j/project/buck_air_walker/missing' autoconf
# environment
XDG_RUNTIME_DIR = /run/user/1000
# makefile (from '/home/j/project/buck_air_walker/app/build/Makefile', line 215)
CFLAGS = -g -O2
# makefile (from '/home/j/project/buck_air_walker/app/build/Makefile', line 297)
SUBDIRS = source
# environment
GPG_AGENT_INFO = /run/user/1000/gnupg/S.gpg-agent:0:1
# makefile (from '/home/j/project/buck_air_walker/app/build/Makefile', line 97)
mkinstalldirs = $(install_sh) -d
# makefile (from '/home/j/project/buck_air_walker/app/build/Makefile', line 158)
am__DIST_COMMON = $(srcdir)/Makefile.in $(srcdir)/config.h.in $(top_srcdir)/../ar-lib $(top_srcdir)/../compile $(top_srcdir)/../install-sh $(top_srcdir)/../missing
# makefile (from '/home/j/project/buck_air_walker/app/build/Makefile', line 244)
PACKAGE_URL = 
# makefile (from '/home/j/project/buck_air_walker/app/build/Makefile', line 289)
sbindir = ${exec_prefix}/sbin
# makefile (from '/home/j/project/buck_air_walker/app/build/Makefile', line 82)
NORMAL_INSTALL = :
# environment
XDG_SESSION_CLASS = user
# makefile (from '/home/j/project/buck_air_walker/app/build/Makefile', line 270)
dvidir = ${docdir}
# environment
VSCODE_AMD_ENTRYPOINT = vs/workbench/services/extensions/node/extensionHostProcess
# environment
PLATFORMIO_IDE = 2.3.3
# environment
HOME = /home/j
# makefile (from '/home/j/project/buck_air_walker/app/build/Makefile', line 205)
ACLOCAL = ${SHELL} '/home/j/project/buck_air_walker/missing' aclocal-1.16
# makefile (from '/home/j/project/buck_air_walker/app/build/Makefile', line 141)
am__uniquify_input = $(AWK) ' BEGIN { nonempty = 0; } { items[$$0] = 1; nonempty = 1; } END { if (nonempty) { for (i in items) print i; }; } '
# makefile (from '/home/j/project/buck_air_walker/app/build/Makefile', line 228)
INSTALL_DATA = ${INSTALL} -m 644
# environment
ELECTRON_RUN_AS_NODE = 1
# environment
VSCODE_IPC_HOOK = /run/user/1000/vscode-d21a3b6f-1.60.0-main.sock
# makefile (from '/home/j/project/buck_air_walker/app/build/Makefile', line 73)
pkgincludedir = $(includedir)/buckairwalker_app
# makefile (from '/home/j/project/buck_air_walker/app/build/Makefile', line 85)
NORMAL_UNINSTALL = :
# environment
MATHEMATICA_HOME = /opt/Wolfram/WolframEngine/12.3
# environment
XDG_SESSION_ID = 2
# makefile (from '/home/j/project/buck_air_walker/app/build/Makefile', line 123)
am__can_run_installinfo = case $$AM_UPDATE_INFO_DIR in n|no|NO) false;; *) (install-info --version) >/dev/null 2>&1;; esac
# makefile (from '/home/j/project/buck_air_walker/app/build/Makefile', line 294)
top_build_prefix = 
# default
.RECIPEPREFIX := 
# automatic
<F = $(notdir $<)
# makefile (from '/home/j/project/buck_air_walker/app/build/Makefile', line 202)
am__distuninstallcheck_listfiles = $(distuninstallcheck_listfiles) | sed 's|^\./|$(prefix)/|' | grep -v '$(infodir)/dir$$'
# makefile (from '/home/j/project/buck_air_walker/app/build/Makefile', line 128)
RECURSIVE_CLEAN_TARGETS = mostlyclean-recursive clean-recursive distclean-recursive maintainer-clean-recursive
# makefile (from '/home/j/project/buck_air_walker/app/build/Makefile', line 222)
DEPDIR = .deps
# default
SUFFIXES := 
# makefile (from '/home/j/project/buck_air_walker/app/build/Makefile', line 81)
transform = $(program_transform_name)
# makefile (from '/home/j/project/buck_air_walker/app/build/Makefile', line 288)
runstatedir = ${localstatedir}/run
# makefile (from '/home/j/project/buck_air_walker/app/build/Makefile', line 219)
CXXFLAGS = -g -O2
# environment
XDG_GREETER_DATA_DIR = /var/lib/lightdm/data/j
# makefile (from '/home/j/project/buck_air_walker/app/build/Makefile', line 149)
am__define_uniq_tagged_files = list='$(am__tagged_files)'; unique=`for i in $$list; do if test -f "$$i"; then echo $$i; else echo $(srcdir)/$$i; fi; done | $(am__uniquify_input)`
# makefile (from '/home/j/project/buck_air_walker/app/build/Makefile', line 250)
STRIP = 
# makefile (from '/home/j/project/buck_air_walker/app/build/Makefile', line 277)
libdir = ${exec_prefix}/lib
# default
.FEATURES := target-specific order-only second-expansion else-if shortest-stem undefine oneshell nocomment grouped-target extra-prereqs archives jobserver output-sync check-symlink load
# makefile (from '/home/j/project/buck_air_walker/app/build/Makefile', line 163)
top_distdir = $(distdir)
# makefile (from '/home/j/project/buck_air_walker/app/build/Makefile', line 217)
CXX = g++
# makefile (from '/home/j/project/buck_air_walker/app/build/Makefile', line 257)
ac_ct_CC = gcc
# makefile (from '/home/j/project/buck_air_walker/app/build/Makefile', line 213)
CC = gcc
# makefile (from '/home/j/project/buck_air_walker/app/build/Makefile', line 113)
SOURCES = 
# environment
XDG_MENU_PREFIX = lxde-
# makefile (from '/home/j/project/buck_air_walker/app/build/Makefile', line 197)
GZIP_ENV = --best
# makefile (from '/home/j/project/buck_air_walker/app/build/Makefile', line 273)
htmldir = ${docdir}
# makefile (from '/home/j/project/buck_air_walker/app/build/Makefile', line 263)
am__untar = $${TAR-tar} xf -
# makefile (from '/home/j/project/buck_air_walker/app/build/Makefile', line 105)
AM_V_GEN = $(am__v_GEN_$(V))
# environment
GDMSESSION = lightdm-xsession
# variable set hash-table stats:
 
# Load=260/1024=25%, Rehash=0, Collisions=98/387=25%

# Pattern-specific Variable Values

# No pattern-specific variable values.

# Directories

# .. (device 2065, inode 36701285): No files, no impossibilities so far.

# No files, no impossibilities in 1 directories.

# Implicit Rules

# No implicit rules.

# Files

distcleancheck: distclean
#  Phony target (prerequisite of .PHONY).
#  Implicit rule search has not been done.
#  File does not exist.
#  File has not been updated.
#  recipe to execute (from '/home/j/project/buck_air_walker/app/build/Makefile', line 646):
	@if test '$(srcdir)' = . ; then \
	  echo "ERROR: distcleancheck can only run from a VPATH build" ; \
	  exit 1 ; \
	fi
	@test `$(distcleancheck_listfiles) | wc -l` -eq 0 \
	  || { echo "ERROR: files left in build directory after distclean:" ; \
	       $(distcleancheck_listfiles) ; \
	       exit 1; } >&2

install-pdf: install-pdf-recursive
#  Phony target (prerequisite of .PHONY).
#  Implicit rule search has not been done.
#  File does not exist.
#  File has not been updated.

dist-bzip2: distdir
#  Phony target (prerequisite of .PHONY).
#  Implicit rule search has not been done.
#  File does not exist.
#  File has not been updated.
#  recipe to execute (from '/home/j/project/buck_air_walker/app/build/Makefile', line 529):
	tardir=$(distdir) && $(am__tar) | BZIP2=$${BZIP2--9} bzip2 -c >$(distdir).tar.bz2
	$(am__post_remove_distdir)

# Not a target:
../../compile:
#  Implicit rule search has not been done.
#  Modification time never checked.
#  File has not been updated.

dist-zstd: distdir
#  Phony target (prerequisite of .PHONY).
#  Implicit rule search has not been done.
#  File does not exist.
#  File has not been updated.
#  recipe to execute (from '/home/j/project/buck_air_walker/app/build/Makefile', line 541):
	tardir=$(distdir) && $(am__tar) | zstd -c $${ZSTD_CLEVEL-$${ZSTD_OPT--19}} >$(distdir).tar.zst
	$(am__post_remove_distdir)

dist:
#  Phony target (prerequisite of .PHONY).
#  Implicit rule search has not been done.
#  File does not exist.
#  File has not been updated.
#  recipe to execute (from '/home/j/project/buck_air_walker/app/build/Makefile', line 564):
	$(MAKE) $(AM_MAKEFLAGS) $(DIST_TARGETS) am__post_remove_distdir='@:'
	$(am__post_remove_distdir)

install-info: install-info-recursive
#  Phony target (prerequisite of .PHONY).
#  Implicit rule search has not been done.
#  File does not exist.
#  File has not been updated.

check: check-recursive
#  Phony target (prerequisite of .PHONY).
#  Implicit rule search has not been done.
#  File does not exist.
#  File has not been updated.

# Not a target:
config.h.in:
#  Implicit rule search has not been done.
#  Modification time never checked.
#  File has not been updated.

distdir-am: ../Makefile.am ../configure ../configure.ac ../aclocal.m4 ../Makefile.in ../config.h.in ../../ar-lib ../../compile ../../install-sh ../../missing
#  Implicit rule search has not been done.
#  Modification time never checked.
#  File has not been updated.
#  recipe to execute (from '/home/j/project/buck_air_walker/app/build/Makefile', line 461):
	$(am__remove_distdir)
	test -d "$(distdir)" || mkdir "$(distdir)"
	@srcdirstrip=`echo "$(srcdir)" | sed 's/[].[^$$\\*]/\\\\&/g'`; \
	topsrcdirstrip=`echo "$(top_srcdir)" | sed 's/[].[^$$\\*]/\\\\&/g'`; \
	list='$(DISTFILES)'; \
	  dist_files=`for file in $$list; do echo $$file; done | \
	  sed -e "s|^$$srcdirstrip/||;t" \
	      -e "s|^$$topsrcdirstrip/|$(top_builddir)/|;t"`; \
	case $$dist_files in \
	  */*) $(MKDIR_P) `echo "$$dist_files" | \
			   sed '/\//!d;s|^|$(distdir)/|;s,/[^/]*$$,,' | \
			   sort -u` ;; \
	esac; \
	for file in $$dist_files; do \
	  if test -f $$file || test -d $$file; then d=.; else d=$(srcdir); fi; \
	  if test -d $$d/$$file; then \
	    dir=`echo "/$$file" | sed -e 's,/[^/]*$$,,'`; \
	    if test -d "$(distdir)/$$file"; then \
	      find "$(distdir)/$$file" -type d ! -perm -700 -exec chmod u+rwx {} \;; \
	    fi; \
	    if test -d $(srcdir)/$$file && test $$d != $(srcdir); then \
	      cp -fpR $(srcdir)/$$file "$(distdir)$$dir" || exit 1; \
	      find "$(distdir)/$$file" -type d ! -perm -700 -exec chmod u+rwx {} \;; \
	    fi; \
	    cp -fpR $$d/$$file "$(distdir)$$dir" || exit 1; \
	  else \
	    test -f "$(distdir)/$$file" \
	    || cp -p $$d/$$file "$(distdir)/$$file" \
	    || exit 1; \
	  fi; \
	done
	@list='$(DIST_SUBDIRS)'; for subdir in $$list; do \
	  if test "$$subdir" = .; then :; else \
	    $(am__make_dryrun) \
	      || test -d "$(distdir)/$$subdir" \
	      || $(MKDIR_P) "$(distdir)/$$subdir" \
	      || exit 1; \
	    dir1=$$subdir; dir2="$(distdir)/$$subdir"; \
	    $(am__relativize); \
	    new_distdir=$$reldir; \
	    dir1=$$subdir; dir2="$(top_distdir)"; \
	    $(am__relativize); \
	    new_top_distdir=$$reldir; \
	    echo " (cd $$subdir && $(MAKE) $(AM_MAKEFLAGS) top_distdir="$$new_top_distdir" distdir="$$new_distdir" \\"; \
	    echo "     am__remove_distdir=: am__skip_length_check=: am__skip_mode_fix=: distdir)"; \
	    ($(am__cd) $$subdir && \
	      $(MAKE) $(AM_MAKEFLAGS) \
	        top_distdir="$$new_top_distdir" \
	        distdir="$$new_distdir" \
		am__remove_distdir=: \
		am__skip_length_check=: \
		am__skip_mode_fix=: \
	        distdir) \
	      || exit 1; \
	  fi; \
	done
	-test -n "$(am__skip_mode_fix)" \
	|| find "$(distdir)" -type d ! -perm -755 \
		-exec chmod u+rwx,go+rx {} \; -o \
	  ! -type d ! -perm -444 -links 1 -exec chmod a+r {} \; -o \
	  ! -type d ! -perm -400 -exec chmod a+r {} \; -o \
	  ! -type d ! -perm -444 -exec $(install_sh) -c -m a+r {} {} \; \
	|| chmod -R a+r "$(distdir)"

dist-gzip: distdir
#  Phony target (prerequisite of .PHONY).
#  Implicit rule search has not been done.
#  File does not exist.
#  File has not been updated.
#  recipe to execute (from '/home/j/project/buck_air_walker/app/build/Makefile', line 525):
	tardir=$(distdir) && $(am__tar) | eval GZIP= gzip $(GZIP_ENV) -c >$(distdir).tar.gz
	$(am__post_remove_distdir)

distclean: distclean-recursive
#  Phony target (prerequisite of .PHONY).
#  Implicit rule search has not been done.
#  File does not exist.
#  File has not been updated.
#  recipe to execute (from '/home/j/project/buck_air_walker/app/build/Makefile', line 694):
	-rm -f $(am__CONFIG_DISTCLEAN_FILES)
	-rm -f Makefile

pdf-recursive:
#  Phony target (prerequisite of .PHONY).
#  Implicit rule search has not been done.
#  File does not exist.
#  File has not been updated.
#  recipe to execute (from '/home/j/project/buck_air_walker/app/build/Makefile', line 358):
	@fail=; \
	if $(am__make_keepgoing); then \
	  failcom='fail=yes'; \
	else \
	  failcom='exit 1'; \
	fi; \
	dot_seen=no; \
	target=`echo $@ | sed s/-recursive//`; \
	case "$@" in \
	  distclean-* | maintainer-clean-*) list='$(DIST_SUBDIRS)' ;; \
	  *) list='$(SUBDIRS)' ;; \
	esac; \
	for subdir in $$list; do \
	  echo "Making $$target in $$subdir"; \
	  if test "$$subdir" = "."; then \
	    dot_seen=yes; \
	    local_target="$$target-am"; \
	  else \
	    local_target="$$target"; \
	  fi; \
	  ($(am__cd) $$subdir && $(MAKE) $(AM_MAKEFLAGS) $$local_target) \
	  || eval $$failcom; \
	done; \
	if test "$$dot_seen" = "no"; then \
	  $(MAKE) $(AM_MAKEFLAGS) "$$target-am" || exit 1; \
	fi; test -z "$$fail"

all-recursive:
#  Phony target (prerequisite of .PHONY).
#  Implicit rule search has not been done.
#  File does not exist.
#  File has not been updated.
#  recipe to execute (from '/home/j/project/buck_air_walker/app/build/Makefile', line 358):
	@fail=; \
	if $(am__make_keepgoing); then \
	  failcom='fail=yes'; \
	else \
	  failcom='exit 1'; \
	fi; \
	dot_seen=no; \
	target=`echo $@ | sed s/-recursive//`; \
	case "$@" in \
	  distclean-* | maintainer-clean-*) list='$(DIST_SUBDIRS)' ;; \
	  *) list='$(SUBDIRS)' ;; \
	esac; \
	for subdir in $$list; do \
	  echo "Making $$target in $$subdir"; \
	  if test "$$subdir" = "."; then \
	    dot_seen=yes; \
	    local_target="$$target-am"; \
	  else \
	    local_target="$$target"; \
	  fi; \
	  ($(am__cd) $$subdir && $(MAKE) $(AM_MAKEFLAGS) $$local_target) \
	  || eval $$failcom; \
	done; \
	if test "$$dot_seen" = "no"; then \
	  $(MAKE) $(AM_MAKEFLAGS) "$$target-am" || exit 1; \
	fi; test -z "$$fail"

install-recursive:
#  Phony target (prerequisite of .PHONY).
#  Implicit rule search has not been done.
#  File does not exist.
#  File has not been updated.
#  recipe to execute (from '/home/j/project/buck_air_walker/app/build/Makefile', line 358):
 
	@fail=; \
	if $(am__make_keepgoing); then \
	  failcom='fail=yes'; \
	else \
	  failcom='exit 1'; \
	fi; \
	dot_seen=no; \
	target=`echo $@ | sed s/-recursive//`; \
	case "$@" in \
	  distclean-* | maintainer-clean-*) list='$(DIST_SUBDIRS)' ;; \
	  *) list='$(SUBDIRS)' ;; \
	esac; \
	for subdir in $$list; do \
	  echo "Making $$target in $$subdir"; \
	  if test "$$subdir" = "."; then \
	    dot_seen=yes; \
	    local_target="$$target-am"; \
	  else \
	    local_target="$$target"; \
	  fi; \
	  ($(am__cd) $$subdir && $(MAKE) $(AM_MAKEFLAGS) $$local_target) \
	  || eval $$failcom; \
	done; \
	if test "$$dot_seen" = "no"; then \
	  $(MAKE) $(AM_MAKEFLAGS) "$$target-am" || exit 1; \
	fi; test -z "$$fail"

installcheck-am:
#  Phony target (prerequisite of .PHONY).
#  Implicit rule search has not been done.
#  File does not exist.
#  File has not been updated.

maintainer-clean-recursive:
#  Phony target (prerequisite of .PHONY).
#  Implicit rule search has not been done.
#  File does not exist.
#  File has not been updated.
#  recipe to execute (from '/home/j/project/buck_air_walker/app/build/Makefile', line 358):
	@fail=; \
	if $(am__make_keepgoing); then \
	  failcom='fail=yes'; \
	else \
	  failcom='exit 1'; \
	fi; \
	dot_seen=no; \
	target=`echo $@ | sed s/-recursive//`; \
	case "$@" in \
	  distclean-* | maintainer-clean-*) list='$(DIST_SUBDIRS)' ;; \
	  *) list='$(SUBDIRS)' ;; \
	esac; \
	for subdir in $$list; do \
	  echo "Making $$target in $$subdir"; \
	  if test "$$subdir" = "."; then \
	    dot_seen=yes; \
	    local_target="$$target-am"; \
	  else \
	    local_target="$$target"; \
	  fi; \
	  ($(am__cd) $$subdir && $(MAKE) $(AM_MAKEFLAGS) $$local_target) \
	  || eval $$failcom; \
	done; \
	if test "$$dot_seen" = "no"; then \
	  $(MAKE) $(AM_MAKEFLAGS) "$$target-am" || exit 1; \
	fi; test -z "$$fail"

installcheck: installcheck-recursive
#  Phony target (prerequisite of .PHONY).
#  Implicit rule search has not been done.
#  File does not exist.
#  File has not been updated.

check-am: all-am
#  Phony target (prerequisite of .PHONY).
#  Implicit rule search has not been done.
#  File does not exist.
#  File has not been updated.

install-ps-recursive:
#  Phony target (prerequisite of .PHONY).
#  Implicit rule search has not been done.
#  File does not exist.
#  File has not been updated.
#  recipe to execute (from '/home/j/project/buck_air_walker/app/build/Makefile', line 358):
	@fail=; \
	if $(am__make_keepgoing); then \
	  failcom='fail=yes'; \
	else \
	  failcom='exit 1'; \
	fi; \
	dot_seen=no; \
	target=`echo $@ | sed s/-recursive//`; \
	case "$@" in \
	  distclean-* | maintainer-clean-*) list='$(DIST_SUBDIRS)' ;; \
	  *) list='$(SUBDIRS)' ;; \
	esac; \
	for subdir in $$list; do \
	  echo "Making $$target in $$subdir"; \
	  if test "$$subdir" = "."; then \
	    dot_seen=yes; \
	    local_target="$$target-am"; \
	  else \
	    local_target="$$target"; \
	  fi; \
	  ($(am__cd) $$subdir && $(MAKE) $(AM_MAKEFLAGS) $$local_target) \
	  || eval $$failcom; \
	done; \
	if test "$$dot_seen" = "no"; then \
	  $(MAKE) $(AM_MAKEFLAGS) "$$target-am" || exit 1; \
	fi; test -z "$$fail"

install-exec-am:
#  Phony target (prerequisite of .PHONY).
#  Implicit rule search has not been done.
#  File does not exist.
#  File has not been updated.

install-info-recursive:
#  Phony target (prerequisite of .PHONY).
#  Implicit rule search has not been done.
#  File does not exist.
#  File has not been updated.
#  recipe to execute (from '/home/j/project/buck_air_walker/app/build/Makefile', line 358):
	@fail=; \
	if $(am__make_keepgoing); then \
	  failcom='fail=yes'; \
	else \
	  failcom='exit 1'; \
	fi; \
	dot_seen=no; \
	target=`echo $@ | sed s/-recursive//`; \
	case "$@" in \
	  distclean-* | maintainer-clean-*) list='$(DIST_SUBDIRS)' ;; \
	  *) list='$(SUBDIRS)' ;; \
	esac; \
	for subdir in $$list; do \
	  echo "Making $$target in $$subdir"; \
	  if test "$$subdir" = "."; then \
	    dot_seen=yes; \
	    local_target="$$target-am"; \
	  else \
	    local_target="$$target"; \
	  fi; \
	  ($(am__cd) $$subdir && $(MAKE) $(AM_MAKEFLAGS) $$local_target) \
	  || eval $$failcom; \
	done; \
	if test "$$dot_seen" = "no"; then \
	  $(MAKE) $(AM_MAKEFLAGS) "$$target-am" || exit 1; \
	fi; test -z "$$fail"

cscopelist-am: config.h.in
#  Phony target (prerequisite of .PHONY).
#  Implicit rule search has not been done.
#  File does not exist.
#  File has not been updated.
#  recipe to execute (from '/home/j/project/buck_air_walker/app/build/Makefile', line 440):
	list='$(am__tagged_files)'; \
	case "$(srcdir)" in \
	  [\\/]* | ?:[\\/]*) sdir="$(srcdir)" ;; \
	  *) sdir=$(subdir)/$(srcdir) ;; \
	esac; \
	for i in $$list; do \
	  if test -f "$$i"; then \
	    echo "$(subdir)/$$i"; \
	  else \
	    echo "$$sdir/$$i"; \
	  fi; \
	done >> $(top_builddir)/cscope.files

pdf-am:
#  Phony target (prerequisite of .PHONY).
#  Implicit rule search has not been done.
#  File does not exist.
#  File has not been updated.

am--refresh: Makefile
#  Phony target (prerequisite of .PHONY).
#  Implicit rule search has not been done.
#  File does not exist.
#  File has not been updated.
#  recipe to execute (from '/home/j/project/buck_air_walker/app/build/Makefile', line 303):
	@:

# Not a target:
../../missing:
#  Implicit rule search has not been done.
#  Modification time never checked.
#  File has not been updated.

install-am: all-am
#  Phony target (prerequisite of .PHONY).
#  Implicit rule search has not been done.
#  File does not exist.
#  File has not been updated.
#  recipe to execute (from '/home/j/project/buck_air_walker/app/build/Makefile', line 665):
	@$(MAKE) $(AM_MAKEFLAGS) install-exec-am install-data-am

pdf: pdf-recursive
#  Phony target (prerequisite of .PHONY).
#  Implicit rule search has not been done.
#  File does not exist.
#  File has not been updated.

distclean-generic:
#  Phony target (prerequisite of .PHONY).
#  Implicit rule search has not been done.
#  File does not exist.
#  File has not been updated.
#  recipe to execute (from '/home/j/project/buck_air_walker/app/build/Makefile', line 683):
	-test -z "$(CONFIG_CLEAN_FILES)" || rm -f $(CONFIG_CLEAN_FILES)
	-test . = "$(srcdir)" || test -z "$(CONFIG_CLEAN_VPATH_FILES)" || rm -f $(CONFIG_CLEAN_VPATH_FILES)

html: html-recursive
#  Phony target (prerequisite of .PHONY).
#  Implicit rule search has not been done.
#  File does not exist.
 
#  File has not been updated.

clean-generic:
#  Phony target (prerequisite of .PHONY).
#  Implicit rule search has not been done.
#  File does not exist.
#  File has not been updated.

.PRECIOUS: Makefile
#  Implicit rule search has not been done.
#  Modification time never checked.
#  File has not been updated.

install-data-recursive:
#  Phony target (prerequisite of .PHONY).
#  Implicit rule search has not been done.
#  File does not exist.
#  File has not been updated.
#  recipe to execute (from '/home/j/project/buck_air_walker/app/build/Makefile', line 358):
	@fail=; \
	if $(am__make_keepgoing); then \
	  failcom='fail=yes'; \
	else \
	  failcom='exit 1'; \
	fi; \
	dot_seen=no; \
	target=`echo $@ | sed s/-recursive//`; \
	case "$@" in \
	  distclean-* | maintainer-clean-*) list='$(DIST_SUBDIRS)' ;; \
	  *) list='$(SUBDIRS)' ;; \
	esac; \
	for subdir in $$list; do \
	  echo "Making $$target in $$subdir"; \
	  if test "$$subdir" = "."; then \
	    dot_seen=yes; \
	    local_target="$$target-am"; \
	  else \
	    local_target="$$target"; \
	  fi; \
	  ($(am__cd) $$subdir && $(MAKE) $(AM_MAKEFLAGS) $$local_target) \
	  || eval $$failcom; \
	done; \
	if test "$$dot_seen" = "no"; then \
	  $(MAKE) $(AM_MAKEFLAGS) "$$target-am" || exit 1; \
	fi; test -z "$$fail"

Makefile: ../Makefile.in config.status
#  Precious file (prerequisite of .PRECIOUS).
#  Implicit rule search has not been done.
#  Modification time never checked.
#  File has not been updated.
#  recipe to execute (from '/home/j/project/buck_air_walker/app/build/Makefile', line 318):
	@case '$?' in \
	  *config.status*) \
	    echo ' $(SHELL) ./config.status'; \
	    $(SHELL) ./config.status;; \
	  *) \
	    echo ' cd $(top_builddir) && $(SHELL) ./config.status $@ $(am__maybe_remake_depfiles)'; \
	    cd $(top_builddir) && $(SHELL) ./config.status $@ $(am__maybe_remake_depfiles);; \
	esac;

../config.h.in: ../configure.ac ../aclocal.m4
#  Implicit rule search has not been done.
#  Last modified 2021-09-11 14:02:18.428278446
#  File has been updated.
#  Successfully updated.
#  recipe to execute (from '/home/j/project/buck_air_walker/app/build/Makefile', line 344):
	($(am__cd) $(top_srcdir) && $(AUTOHEADER))
	rm -f stamp-h1
	touch $@

distclean-hdr:
#  Phony target (prerequisite of .PHONY).
#  Implicit rule search has not been done.
#  File does not exist.
#  File has not been updated.
#  recipe to execute (from '/home/j/project/buck_air_walker/app/build/Makefile', line 349):
	-rm -f config.h stamp-h1

dvi: dvi-recursive
#  Phony target (prerequisite of .PHONY).
#  Implicit rule search has not been done.
#  File does not exist.
#  File has not been updated.

ctags-am: config.h.in
#  Phony target (prerequisite of .PHONY).
#  Implicit rule search has not been done.
#  File does not exist.
#  File has not been updated.
#  recipe to execute (from '/home/j/project/buck_air_walker/app/build/Makefile', line 422):
	$(am__define_uniq_tagged_files); \
	test -z "$(CTAGS_ARGS)$$unique" \
	  || $(CTAGS) $(CTAGSFLAGS) $(AM_CTAGSFLAGS) $(CTAGS_ARGS) \
	     $$unique

distdir:
#  Phony target (prerequisite of .PHONY).
#  Implicit rule search has not been done.
#  File does not exist.
#  File has not been updated.
#  recipe to execute (from '/home/j/project/buck_air_walker/app/build/Makefile', line 458):
	$(MAKE) $(AM_MAKEFLAGS) distdir-am

cscope: cscope.files
#  Phony target (prerequisite of .PHONY).
#  Implicit rule search has not been done.
#  File does not exist.
#  File has not been updated.
#  recipe to execute (from '/home/j/project/buck_air_walker/app/build/Makefile', line 432):
	test ! -s cscope.files \
	  || $(CSCOPE) -b -q $(AM_CSCOPEFLAGS) $(CSCOPEFLAGS) -i cscope.files $(CSCOPE_ARGS)

stamp-h1: ../config.h.in config.status
#  Implicit rule search has not been done.
#  Last modified 2021-09-21 10:53:14.167398623
#  File has been updated.
#  Successfully updated.
#  recipe to execute (from '/home/j/project/buck_air_walker/app/build/Makefile', line 341):
	@rm -f stamp-h1
	cd $(top_builddir) && $(SHELL) ./config.status config.h

install-pdf-am:
#  Phony target (prerequisite of .PHONY).
#  Implicit rule search has not been done.
#  File does not exist.
#  File has not been updated.

../configure.ac:
#  Implicit rule search has been done.
 
#  Last modified 2021-09-11 13:46:40.475642252
#  File has been updated.
#  Successfully updated.

uninstall: uninstall-recursive
#  Phony target (prerequisite of .PHONY).
#  Implicit rule search has not been done.
#  File does not exist.
#  File has not been updated.

dist-xz: distdir
#  Phony target (prerequisite of .PHONY).
#  Implicit rule search has not been done.
#  File does not exist.
#  File has not been updated.
#  recipe to execute (from '/home/j/project/buck_air_walker/app/build/Makefile', line 537):
	tardir=$(distdir) && $(am__tar) | XZ_OPT=$${XZ_OPT--e} xz -c >$(distdir).tar.xz
	$(am__post_remove_distdir)

distclean-am: clean-am distclean-generic distclean-hdr distclean-tags
#  Implicit rule search has not been done.
#  Modification time never checked.
#  File has not been updated.

cscope.files: clean-cscope cscopelist
#  Implicit rule search has not been done.
#  Modification time never checked.
#  File has not been updated.

maintainer-clean-generic:
#  Phony target (prerequisite of .PHONY).
#  Implicit rule search has not been done.
#  File does not exist.
#  File has not been updated.
#  recipe to execute (from '/home/j/project/buck_air_walker/app/build/Makefile', line 687):
	@echo "This command is intended for maintainers to use"
	@echo "it deletes files that may require special tools to rebuild."

ps-am:
#  Phony target (prerequisite of .PHONY).
#  Implicit rule search has not been done.
#  File does not exist.
#  File has not been updated.

../Makefile.in: ../Makefile.am ../configure.ac ../aclocal.m4
#  Implicit rule search has not been done.
#  Modification time never checked.
#  File has not been updated.
#  recipe to execute (from '/home/j/project/buck_air_walker/app/build/Makefile', line 305):
	@for dep in $?; do \
	  case '$(am__configure_deps)' in \
	    *$$dep*) \
	      echo ' cd $(srcdir) && $(AUTOMAKE) --foreign'; \
	      $(am__cd) $(srcdir) && $(AUTOMAKE) --foreign \
		&& exit 0; \
	      exit 1;; \
	  esac; \
	done; \
	echo ' cd $(top_srcdir) && $(AUTOMAKE) --foreign Makefile'; \
	$(am__cd) $(top_srcdir) && \
	  $(AUTOMAKE) --foreign Makefile

tags-am: config.h.in
#  Phony target (prerequisite of .PHONY).
#  Implicit rule search has not been done.
#  File does not exist.
#  File has not been updated.
#  recipe to execute (from '/home/j/project/buck_air_walker/app/build/Makefile', line 391):
	set x; \
	here=`pwd`; \
	if ($(ETAGS) --etags-include --version) >/dev/null 2>&1; then \
	  include_option=--etags-include; \
	  empty_fix=.; \
	else \
	  include_option=--include; \
	  empty_fix=; \
	fi; \
	list='$(SUBDIRS)'; for subdir in $$list; do \
	  if test "$$subdir" = .; then :; else \
	    test ! -f $$subdir/TAGS || \
	      set "$$@" "$$include_option=$$here/$$subdir/TAGS"; \
	  fi; \
	done; \
	$(am__define_uniq_tagged_files); \
	shift; \
	if test -z "$(ETAGS_ARGS)$$*$$unique"; then :; else \
	  test -n "$$unique" || unique=$$empty_fix; \
	  if test $$# -gt 0; then \
	    $(ETAGS) $(ETAGSFLAGS) $(AM_ETAGSFLAGS) $(ETAGS_ARGS) \
	      "$$@" $$unique; \
	  else \
	    $(ETAGS) $(ETAGSFLAGS) $(AM_ETAGSFLAGS) $(ETAGS_ARGS) \
	      $$unique; \
	  fi; \
	fi

mostlyclean-generic:
#  Phony target (prerequisite of .PHONY).
#  Implicit rule search has not been done.
#  File does not exist.
#  File has not been updated.

clean: clean-recursive
#  Phony target (prerequisite of .PHONY).
#  Implicit rule search has not been done.
#  File does not exist.
#  File has not been updated.

distclean-recursive:
#  Phony target (prerequisite of .PHONY).
#  Implicit rule search has not been done.
#  File does not exist.
#  File has not been updated.
#  recipe to execute (from '/home/j/project/buck_air_walker/app/build/Makefile', line 358):
	@fail=; \
	if $(am__make_keepgoing); then \
	  failcom='fail=yes'; \
	else \
	  failcom='exit 1'; \
	fi; \
	dot_seen=no; \
	target=`echo $@ | sed s/-recursive//`; \
	case "$@" in \
	  distclean-* | maintainer-clean-*) list='$(DIST_SUBDIRS)' ;; \
	  *) list='$(SUBDIRS)' ;; \
	esac; \
	for subdir in $$list; do \
	  echo "Making $$target in $$subdir"; \
	  if test "$$subdir" = "."; then \
	    dot_seen=yes; \
	    local_target="$$target-am"; \
	  else \
	    local_target="$$target"; \
	  fi; \
	  ($(am__cd) $$subdir && $(MAKE) $(AM_MAKEFLAGS) $$local_target) \
	  || eval $$failcom; \
	done; \
	if test "$$dot_seen" = "no"; then \
	  $(MAKE) $(AM_MAKEFLAGS) "$$target-am" || exit 1; \
	fi; test -z "$$fail"

dist-zip: distdir
 
#  Phony target (prerequisite of .PHONY).
#  Implicit rule search has not been done.
#  File does not exist.
#  File has not been updated.
#  recipe to execute (from '/home/j/project/buck_air_walker/app/build/Makefile', line 559):
	-rm -f $(distdir).zip
	zip -rq $(distdir).zip $(distdir)
	$(am__post_remove_distdir)

mostlyclean-recursive:
#  Phony target (prerequisite of .PHONY).
#  Implicit rule search has not been done.
#  File does not exist.
#  File has not been updated.
#  recipe to execute (from '/home/j/project/buck_air_walker/app/build/Makefile', line 358):
	@fail=; \
	if $(am__make_keepgoing); then \
	  failcom='fail=yes'; \
	else \
	  failcom='exit 1'; \
	fi; \
	dot_seen=no; \
	target=`echo $@ | sed s/-recursive//`; \
	case "$@" in \
	  distclean-* | maintainer-clean-*) list='$(DIST_SUBDIRS)' ;; \
	  *) list='$(SUBDIRS)' ;; \
	esac; \
	for subdir in $$list; do \
	  echo "Making $$target in $$subdir"; \
	  if test "$$subdir" = "."; then \
	    dot_seen=yes; \
	    local_target="$$target-am"; \
	  else \
	    local_target="$$target"; \
	  fi; \
	  ($(am__cd) $$subdir && $(MAKE) $(AM_MAKEFLAGS) $$local_target) \
	  || eval $$failcom; \
	done; \
	if test "$$dot_seen" = "no"; then \
	  $(MAKE) $(AM_MAKEFLAGS) "$$target-am" || exit 1; \
	fi; test -z "$$fail"

dvi-am:
#  Phony target (prerequisite of .PHONY).
#  Implicit rule search has not been done.
#  File does not exist.
#  File has not been updated.

dist-lzip: distdir
#  Phony target (prerequisite of .PHONY).
#  Implicit rule search has not been done.
#  File does not exist.
#  File has not been updated.
#  recipe to execute (from '/home/j/project/buck_air_walker/app/build/Makefile', line 533):
	tardir=$(distdir) && $(am__tar) | lzip -c $${LZIP_OPT--9} >$(distdir).tar.lz
	$(am__post_remove_distdir)

install-html: install-html-recursive
#  Phony target (prerequisite of .PHONY).
#  Implicit rule search has not been done.
#  File does not exist.
#  File has not been updated.

ps: ps-recursive
#  Phony target (prerequisite of .PHONY).
#  Implicit rule search has not been done.
#  File does not exist.
#  File has not been updated.

maintainer-clean-am: distclean-am maintainer-clean-generic
#  Implicit rule search has not been done.
#  Modification time never checked.
#  File has not been updated.

installcheck-recursive:
#  Phony target (prerequisite of .PHONY).
#  Implicit rule search has not been done.
#  File does not exist.
#  File has not been updated.
#  recipe to execute (from '/home/j/project/buck_air_walker/app/build/Makefile', line 358):
	@fail=; \
	if $(am__make_keepgoing); then \
	  failcom='fail=yes'; \
	else \
	  failcom='exit 1'; \
	fi; \
	dot_seen=no; \
	target=`echo $@ | sed s/-recursive//`; \
	case "$@" in \
	  distclean-* | maintainer-clean-*) list='$(DIST_SUBDIRS)' ;; \
	  *) list='$(SUBDIRS)' ;; \
	esac; \
	for subdir in $$list; do \
	  echo "Making $$target in $$subdir"; \
	  if test "$$subdir" = "."; then \
	    dot_seen=yes; \
	    local_target="$$target-am"; \
	  else \
	    local_target="$$target"; \
	  fi; \
	  ($(am__cd) $$subdir && $(MAKE) $(AM_MAKEFLAGS) $$local_target) \
	  || eval $$failcom; \
	done; \
	if test "$$dot_seen" = "no"; then \
	  $(MAKE) $(AM_MAKEFLAGS) "$$target-am" || exit 1; \
	fi; test -z "$$fail"

info: info-recursive
#  Phony target (prerequisite of .PHONY).
#  Implicit rule search has not been done.
#  File does not exist.
#  File has not been updated.

# Not a target:
/home/j/project/buck_air_walker/app/build/Makefile:
#  Implicit rule search has been done.
#  Last modified 2021-09-21 10:53:14.131397564
#  File has been updated.
#  Successfully updated.

uninstall-recursive:
#  Phony target (prerequisite of .PHONY).
#  Implicit rule search has not been done.
#  File does not exist.
#  File has not been updated.
#  recipe to execute (from '/home/j/project/buck_air_walker/app/build/Makefile', line 358):
	@fail=; \
	if $(am__make_keepgoing); then \
	  failcom='fail=yes'; \
	else \
	  failcom='exit 1'; \
	fi; \
	dot_seen=no; \
	target=`echo $@ | sed s/-recursive//`; \
	case "$@" in \
	  distclean-* | maintainer-clean-*) list='$(DIST_SUBDIRS)' ;; \
	  *) list='$(SUBDIRS)' ;; \
	esac; \
	for subdir in $$list; do \
	  echo "Making $$target in $$subdir"; \
	  if test "$$subdir" = "."; then \
	    dot_seen=yes; \
	    local_target="$$target-am"; \
	  else \
	    local_target="$$target"; \
	  fi; \
	  ($(am__cd) $$subdir && $(MAKE) $(AM_MAKEFLAGS) $$local_target) \
	  || eval $$failcom; \
	done; \
	if test "$$dot_seen" = "no"; then \
	  $(MAKE) $(AM_MAKEFLAGS) "$$target-am" || exit 1; \
	fi; test -z "$$fail"

tags-recursive:
#  Phony target (prerequisite of .PHONY).
#  Implicit rule search has not been done.
#  File does not exist.
#  File has not been updated.
#  recipe to execute (from '/home/j/project/buck_air_walker/app/build/Makefile', line 358):
	@fail=; \
	if $(am__make_keepgoing); then \
	  failcom='fail=yes'; \
	else \
	  failcom='exit 1'; \
	fi; \
	dot_seen=no; \
	target=`echo $@ | sed s/-recursive//`; \
	case "$@" in \
	  distclean-* | maintainer-clean-*) list='$(DIST_SUBDIRS)' ;; \
	  *) list='$(SUBDIRS)' ;; \
	esac; \
	for subdir in $$list; do \
	  echo "Making $$target in $$subdir"; \
	  if test "$$subdir" = "."; then \
	    dot_seen=yes; \
	    local_target="$$target-am"; \
	  else \
	    local_target="$$target"; \
	  fi; \
	  ($(am__cd) $$subdir && $(MAKE) $(AM_MAKEFLAGS) $$local_target) \
	  || eval $$failcom; \
	done; \
	if test "$$dot_seen" = "no"; then \
	  $(MAKE) $(AM_MAKEFLAGS) "$$target-am" || exit 1; \
	fi; test -z "$$fail"

all-am: Makefile config.h
#  Phony target (prerequisite of .PHONY).
#  Implicit rule search has not been done.
#  File does not exist.
#  File has not been updated.

config.status: ../configure
#  Implicit rule search has not been done.
#  Last modified 2021-09-21 10:53:14.027394505
#  File has been updated.
#  Successfully updated.
#  recipe to execute (from '/home/j/project/buck_air_walker/app/build/Makefile', line 328):
	$(SHELL) ./config.status --recheck

installdirs-am:
#  Phony target (prerequisite of .PHONY).
#  Implicit rule search has not been done.
#  File does not exist.
 
#  File has not been updated.

TAGS: tags
#  Phony target (prerequisite of .PHONY).
#  Implicit rule search has not been done.
#  File does not exist.
#  File has not been updated.

install-data-am:
#  Phony target (prerequisite of .PHONY).
#  Implicit rule search has not been done.
#  File does not exist.
#  File has not been updated.

cscopelist-recursive:
#  Phony target (prerequisite of .PHONY).
#  Implicit rule search has not been done.
#  File does not exist.
#  File has not been updated.
#  recipe to execute (from '/home/j/project/buck_air_walker/app/build/Makefile', line 358):
	@fail=; \
	if $(am__make_keepgoing); then \
	  failcom='fail=yes'; \
	else \
	  failcom='exit 1'; \
	fi; \
	dot_seen=no; \
	target=`echo $@ | sed s/-recursive//`; \
	case "$@" in \
	  distclean-* | maintainer-clean-*) list='$(DIST_SUBDIRS)' ;; \
	  *) list='$(SUBDIRS)' ;; \
	esac; \
	for subdir in $$list; do \
	  echo "Making $$target in $$subdir"; \
	  if test "$$subdir" = "."; then \
	    dot_seen=yes; \
	    local_target="$$target-am"; \
	  else \
	    local_target="$$target"; \
	  fi; \
	  ($(am__cd) $$subdir && $(MAKE) $(AM_MAKEFLAGS) $$local_target) \
	  || eval $$failcom; \
	done; \
	if test "$$dot_seen" = "no"; then \
	  $(MAKE) $(AM_MAKEFLAGS) "$$target-am" || exit 1; \
	fi; test -z "$$fail"

ps-recursive:
#  Phony target (prerequisite of .PHONY).
#  Implicit rule search has not been done.
#  File does not exist.
#  File has not been updated.
#  recipe to execute (from '/home/j/project/buck_air_walker/app/build/Makefile', line 358):
	@fail=; \
	if $(am__make_keepgoing); then \
	  failcom='fail=yes'; \
	else \
	  failcom='exit 1'; \
	fi; \
	dot_seen=no; \
	target=`echo $@ | sed s/-recursive//`; \
	case "$@" in \
	  distclean-* | maintainer-clean-*) list='$(DIST_SUBDIRS)' ;; \
	  *) list='$(SUBDIRS)' ;; \
	esac; \
	for subdir in $$list; do \
	  echo "Making $$target in $$subdir"; \
	  if test "$$subdir" = "."; then \
	    dot_seen=yes; \
	    local_target="$$target-am"; \
	  else \
	    local_target="$$target"; \
	  fi; \
	  ($(am__cd) $$subdir && $(MAKE) $(AM_MAKEFLAGS) $$local_target) \
	  || eval $$failcom; \
	done; \
	if test "$$dot_seen" = "no"; then \
	  $(MAKE) $(AM_MAKEFLAGS) "$$target-am" || exit 1; \
	fi; test -z "$$fail"

maintainer-clean: maintainer-clean-recursive
#  Phony target (prerequisite of .PHONY).
#  Implicit rule search has not been done.
#  File does not exist.
#  File has not been updated.
#  recipe to execute (from '/home/j/project/buck_air_walker/app/build/Makefile', line 739):
	-rm -f $(am__CONFIG_DISTCLEAN_FILES)
	-rm -rf $(top_srcdir)/autom4te.cache
	-rm -f Makefile

dvi-recursive:
#  Phony target (prerequisite of .PHONY).
#  Implicit rule search has not been done.
#  File does not exist.
#  File has not been updated.
#  recipe to execute (from '/home/j/project/buck_air_walker/app/build/Makefile', line 358):
	@fail=; \
	if $(am__make_keepgoing); then \
	  failcom='fail=yes'; \
	else \
	  failcom='exit 1'; \
	fi; \
	dot_seen=no; \
	target=`echo $@ | sed s/-recursive//`; \
	case "$@" in \
	  distclean-* | maintainer-clean-*) list='$(DIST_SUBDIRS)' ;; \
	  *) list='$(SUBDIRS)' ;; \
	esac; \
	for subdir in $$list; do \
	  echo "Making $$target in $$subdir"; \
	  if test "$$subdir" = "."; then \
	    dot_seen=yes; \
	    local_target="$$target-am"; \
	  else \
	    local_target="$$target"; \
	  fi; \
	  ($(am__cd) $$subdir && $(MAKE) $(AM_MAKEFLAGS) $$local_target) \
	  || eval $$failcom; \
	done; \
	if test "$$dot_seen" = "no"; then \
	  $(MAKE) $(AM_MAKEFLAGS) "$$target-am" || exit 1; \
	fi; test -z "$$fail"

distclean-tags:
#  Phony target (prerequisite of .PHONY).
#  Implicit rule search has not been done.
#  File does not exist.
#  File has not been updated.
#  recipe to execute (from '/home/j/project/buck_air_walker/app/build/Makefile', line 454):
	-rm -f TAGS ID GTAGS GRTAGS GSYMS GPATH tags
	-rm -f cscope.out cscope.in.out cscope.po.out cscope.files

install-html-recursive:
#  Phony target (prerequisite of .PHONY).
#  Implicit rule search has not been done.
#  File does not exist.
#  File has not been updated.
#  recipe to execute (from '/home/j/project/buck_air_walker/app/build/Makefile', line 358):
	@fail=; \
	if $(am__make_keepgoing); then \
	  failcom='fail=yes'; \
	else \
	  failcom='exit 1'; \
	fi; \
	dot_seen=no; \
	target=`echo $@ | sed s/-recursive//`; \
	case "$@" in \
	  distclean-* | maintainer-clean-*) list='$(DIST_SUBDIRS)' ;; \
	  *) list='$(SUBDIRS)' ;; \
	esac; \
	for subdir in $$list; do \
	  echo "Making $$target in $$subdir"; \
	  if test "$$subdir" = "."; then \
	    dot_seen=yes; \
	    local_target="$$target-am"; \
	  else \
	    local_target="$$target"; \
	  fi; \
	  ($(am__cd) $$subdir && $(MAKE) $(AM_MAKEFLAGS) $$local_target) \
	  || eval $$failcom; \
	done; \
	if test "$$dot_seen" = "no"; then \
	  $(MAKE) $(AM_MAKEFLAGS) "$$target-am" || exit 1; \
	fi; test -z "$$fail"

clean-recursive:
#  Phony target (prerequisite of .PHONY).
#  Implicit rule search has not been done.
#  File does not exist.
#  File has not been updated.
#  recipe to execute (from '/home/j/project/buck_air_walker/app/build/Makefile', line 358):
	@fail=; \
	if $(am__make_keepgoing); then \
	  failcom='fail=yes'; \
	else \
	  failcom='exit 1'; \
	fi; \
	dot_seen=no; \
	target=`echo $@ | sed s/-recursive//`; \
	case "$@" in \
	  distclean-* | maintainer-clean-*) list='$(DIST_SUBDIRS)' ;; \
	  *) list='$(SUBDIRS)' ;; \
	esac; \
	for subdir in $$list; do \
	  echo "Making $$target in $$subdir"; \
	  if test "$$subdir" = "."; then \
	    dot_seen=yes; \
	    local_target="$$target-am"; \
	  else \
	    local_target="$$target"; \
	  fi; \
	  ($(am__cd) $$subdir && $(MAKE) $(AM_MAKEFLAGS) $$local_target) \
	  || eval $$failcom; \
	done; \
	if test "$$dot_seen" = "no"; then \
	  $(MAKE) $(AM_MAKEFLAGS) "$$target-am" || exit 1; \
	fi; test -z "$$fail"

# Not a target:
.DEFAULT:
#  Implicit rule search has not been done.
#  Modification time never checked.
#  File has not been updated.

# Not a target:
../../ar-lib:
#  Implicit rule search has not been done.
#  Modification time never checked.
#  File has not been updated.

distcheck: dist
#  Phony target (prerequisite of .PHONY).
#  Implicit rule search has not been done.
#  File does not exist.
#  File has not been updated.
#  recipe to execute (from '/home/j/project/buck_air_walker/app/build/Makefile', line 571):
	case '$(DIST_ARCHIVES)' in \
	*.tar.gz*) \
	  eval GZIP= gzip $(GZIP_ENV) -dc $(distdir).tar.gz | $(am__untar) ;;\
	*.tar.bz2*) \
	  bzip2 -dc $(distdir).tar.bz2 | $(am__untar) ;;\
	*.tar.lz*) \
	  lzip -dc $(distdir).tar.lz | $(am__untar) ;;\
	*.tar.xz*) \
	  xz -dc $(distdir).tar.xz | $(am__untar) ;;\
	*.tar.Z*) \
	  uncompress -c $(distdir).tar.Z | $(am__untar) ;;\
	*.shar.gz*) \
	  eval GZIP= gzip $(GZIP_ENV) -dc $(distdir).shar.gz | unshar ;;\
	*.zip*) \
	  unzip $(distdir).zip ;;\
	*.tar.zst*) \
	  zstd -dc $(distdir).tar.zst | $(am__untar) ;;\
	esac
	chmod -R a-w $(distdir)
	chmod u+w $(distdir)
	mkdir $(distdir)/_build $(distdir)/_build/sub $(distdir)/_inst
	chmod a-w $(distdir)
	test -d $(distdir)/_build || exit 0; \
	dc_install_base=`$(am__cd) $(distdir)/_inst && pwd | sed -e 's,^[^:\\/]:[\\/],/,'` \
	  && dc_destdir="$${TMPDIR-/tmp}/am-dc-$$$$/" \
	  && am__cwd=`pwd` \
	  && $(am__cd) $(distdir)/_build/sub \
	  && ../../configure \
	    $(AM_DISTCHECK_CONFIGURE_FLAGS) \
	    $(DISTCHECK_CONFIGURE_FLAGS) \
	    --srcdir=../.. --prefix="$$dc_install_base" \
	  && $(MAKE) $(AM_MAKEFLAGS) \
	  && $(MAKE) $(AM_MAKEFLAGS) $(AM_DISTCHECK_DVI_TARGET) \
	  && $(MAKE) $(AM_MAKEFLAGS) check \
	  && $(MAKE) $(AM_MAKEFLAGS) install \
	  && $(MAKE) $(AM_MAKEFLAGS) installcheck \
	  && $(MAKE) $(AM_MAKEFLAGS) uninstall \
	  && $(MAKE) $(AM_MAKEFLAGS) distuninstallcheck_dir="$$dc_install_base" \
	        distuninstallcheck \
	  && chmod -R a-w "$$dc_install_base" \
	  && ({ \
	       (cd ../.. && umask 077 && mkdir "$$dc_destdir") \
	       && $(MAKE) $(AM_MAKEFLAGS) DESTDIR="$$dc_destdir" install \
	       && $(MAKE) $(AM_MAKEFLAGS) DESTDIR="$$dc_destdir" uninstall \
	       && $(MAKE) $(AM_MAKEFLAGS) DESTDIR="$$dc_destdir" \
	            distuninstallcheck_dir="$$dc_destdir" distuninstallcheck; \
	      } || { rm -rf "$$dc_destdir"; exit 1; }) \
	  && rm -rf "$$dc_destdir" \
	  && $(MAKE) $(AM_MAKEFLAGS) dist \
	  && rm -rf $(DIST_ARCHIVES) \
	  && $(MAKE) $(AM_MAKEFLAGS) distcleancheck \
	  && cd "$$am__cwd" \
	  || exit 1
	$(am__post_remove_distdir)
	@(echo "$(distdir) archives ready for distribution: "; \
	  list='$(DIST_ARCHIVES)'; for i in $$list; do echo $$i; done) | \
	  sed -e 1h -e 1s/./=/g -e 1p -e 1x -e '$$p' -e '$$x'

all: config.h
#  Phony target (prerequisite of .PHONY).
#  Command line target.
#  Implicit rule search has not been done.
#  File does not exist.
#  File has been updated.
#  Needs to be updated (-q is set).
# variable set hash-table stats:
# Load=0/32=0%, Rehash=0, Collisions=0/6=0%
#  recipe to execute (from '/home/j/project/buck_air_walker/app/build/Makefile', line 299):
	$(MAKE) $(AM_MAKEFLAGS) all-recursive

# Not a target:
../Makefile.am:
#  Implicit rule search has not been done.
#  Modification time never checked.
#  File has not been updated.

 
dist-shar: distdir
#  Phony target (prerequisite of .PHONY).
#  Implicit rule search has not been done.
#  File does not exist.
#  File has not been updated.
#  recipe to execute (from '/home/j/project/buck_air_walker/app/build/Makefile', line 552):
	@echo WARNING: "Support for shar distribution archives is" \
	               "deprecated." >&2
	@echo WARNING: "It will be removed altogether in Automake 2.0" >&2
	shar $(distdir) | eval GZIP= gzip $(GZIP_ENV) -c >$(distdir).shar.gz
	$(am__post_remove_distdir)

distuninstallcheck:
#  Phony target (prerequisite of .PHONY).
#  Implicit rule search has not been done.
#  File does not exist.
#  File has not been updated.
#  recipe to execute (from '/home/j/project/buck_air_walker/app/build/Makefile', line 629):
	@test -n '$(distuninstallcheck_dir)' || { \
	  echo 'ERROR: trying to run $@ with an empty' \
	       '$$(distuninstallcheck_dir)' >&2; \
	  exit 1; \
	}; \
	$(am__cd) '$(distuninstallcheck_dir)' || { \
	  echo 'ERROR: cannot chdir into $(distuninstallcheck_dir)' >&2; \
	  exit 1; \
	}; \
	test `$(am__distuninstallcheck_listfiles) | wc -l` -eq 0 \
	   || { echo "ERROR: files left after uninstall:" ; \
	        if test -n "$(DESTDIR)"; then \
	          echo "  (check DESTDIR support)"; \
	        fi ; \
	        $(distuninstallcheck_listfiles) ; \
	        exit 1; } >&2

install-dvi-recursive:
#  Phony target (prerequisite of .PHONY).
#  Implicit rule search has not been done.
#  File does not exist.
#  File has not been updated.
#  recipe to execute (from '/home/j/project/buck_air_walker/app/build/Makefile', line 358):
	@fail=; \
	if $(am__make_keepgoing); then \
	  failcom='fail=yes'; \
	else \
	  failcom='exit 1'; \
	fi; \
	dot_seen=no; \
	target=`echo $@ | sed s/-recursive//`; \
	case "$@" in \
	  distclean-* | maintainer-clean-*) list='$(DIST_SUBDIRS)' ;; \
	  *) list='$(SUBDIRS)' ;; \
	esac; \
	for subdir in $$list; do \
	  echo "Making $$target in $$subdir"; \
	  if test "$$subdir" = "."; then \
	    dot_seen=yes; \
	    local_target="$$target-am"; \
	  else \
	    local_target="$$target"; \
	  fi; \
	  ($(am__cd) $$subdir && $(MAKE) $(AM_MAKEFLAGS) $$local_target) \
	  || eval $$failcom; \
	done; \
	if test "$$dot_seen" = "no"; then \
	  $(MAKE) $(AM_MAKEFLAGS) "$$target-am" || exit 1; \
	fi; test -z "$$fail"

install-dvi: install-dvi-recursive
#  Phony target (prerequisite of .PHONY).
#  Implicit rule search has not been done.
#  File does not exist.
#  File has not been updated.

html-recursive:
#  Phony target (prerequisite of .PHONY).
#  Implicit rule search has not been done.
#  File does not exist.
#  File has not been updated.
#  recipe to execute (from '/home/j/project/buck_air_walker/app/build/Makefile', line 358):
	@fail=; \
	if $(am__make_keepgoing); then \
	  failcom='fail=yes'; \
	else \
	  failcom='exit 1'; \
	fi; \
	dot_seen=no; \
	target=`echo $@ | sed s/-recursive//`; \
	case "$@" in \
	  distclean-* | maintainer-clean-*) list='$(DIST_SUBDIRS)' ;; \
	  *) list='$(SUBDIRS)' ;; \
	esac; \
	for subdir in $$list; do \
	  echo "Making $$target in $$subdir"; \
	  if test "$$subdir" = "."; then \
	    dot_seen=yes; \
	    local_target="$$target-am"; \
	  else \
	    local_target="$$target"; \
	  fi; \
	  ($(am__cd) $$subdir && $(MAKE) $(AM_MAKEFLAGS) $$local_target) \
	  || eval $$failcom; \
	done; \
	if test "$$dot_seen" = "no"; then \
	  $(MAKE) $(AM_MAKEFLAGS) "$$target-am" || exit 1; \
	fi; test -z "$$fail"

CTAGS: ctags
#  Phony target (prerequisite of .PHONY).
#  Implicit rule search has not been done.
#  File does not exist.
#  File has not been updated.

../configure: ../configure.ac ../aclocal.m4
#  Implicit rule search has not been done.
#  Last modified 2021-09-11 14:02:18.096269121
#  File has been updated.
#  Successfully updated.
#  recipe to execute (from '/home/j/project/buck_air_walker/app/build/Makefile', line 331):
	$(am__cd) $(srcdir) && $(AUTOCONF)

mostlyclean: mostlyclean-recursive
#  Phony target (prerequisite of .PHONY).
#  Implicit rule search has not been done.
#  File does not exist.
#  File has not been updated.

install-html-am:
#  Phony target (prerequisite of .PHONY).
#  Implicit rule search has not been done.
#  File does not exist.
#  File has not been updated.

install-ps-am:
#  Phony target (prerequisite of .PHONY).
#  Implicit rule search has not been done.
#  File does not exist.
#  File has not been updated.

config.h: stamp-h1
#  Implicit rule search has not been done.
#  Implicit/static pattern stem: ''
#  Last modified 2021-09-11 14:00:45.005636181
#  File has been updated.
#  Needs to be updated (-q is set).
# automatic
# @ := config.h
# automatic
# * := 
# automatic
# < := stamp-h1
# automatic
# + := stamp-h1
# automatic
# % := 
# automatic
# ^ := stamp-h1
# automatic
# ? := stamp-h1
# automatic
# | := 
# variable set hash-table stats:
# Load=8/32=25%, Rehash=0, Collisions=3/16=19%
#  recipe to execute (from '/home/j/project/buck_air_walker/app/build/Makefile', line 337):
	@test -f $@ || rm -f stamp-h1
	@test -f $@ || $(MAKE) $(AM_MAKEFLAGS) stamp-h1

install-exec: install-exec-recursive
#  Phony target (prerequisite of .PHONY).
#  Implicit rule search has not been done.
#  File does not exist.
#  File has not been updated.

dist-tarZ: distdir
#  Phony target (prerequisite of .PHONY).
#  Implicit rule search has not been done.
#  File does not exist.
#  File has not been updated.
#  recipe to execute (from '/home/j/project/buck_air_walker/app/build/Makefile', line 545):
	@echo WARNING: "Support for distribution archives compressed with" \
		       "legacy program 'compress' is deprecated." >&2
	@echo WARNING: "It will be removed altogether in Automake 2.0" >&2
	tardir=$(distdir) && $(am__tar) | compress -c >$(distdir).tar.Z
	$(am__post_remove_distdir)

install-ps: install-ps-recursive
#  Phony target (prerequisite of .PHONY).
#  Implicit rule search has not been done.
#  File does not exist.
#  File has not been updated.

installdirs: installdirs-recursive
#  Phony target (prerequisite of .PHONY).
#  Implicit rule search has not been done.
#  File does not exist.
#  File has not been updated.

install-data: install-data-recursive
#  Phony target (prerequisite of .PHONY).
#  Implicit rule search has not been done.
#  File does not exist.
#  File has not been updated.

install-strip:
#  Phony target (prerequisite of .PHONY).
#  Implicit rule search has not been done.
 
#  File does not exist.
#  File has not been updated.
#  recipe to execute (from '/home/j/project/buck_air_walker/app/build/Makefile', line 669):
	if test -z '$(STRIP)'; then \
	  $(MAKE) $(AM_MAKEFLAGS) INSTALL_PROGRAM="$(INSTALL_STRIP_PROGRAM)" \
	    install_sh_PROGRAM="$(INSTALL_STRIP_PROGRAM)" INSTALL_STRIP_FLAG=-s \
	      install; \
	else \
	  $(MAKE) $(AM_MAKEFLAGS) INSTALL_PROGRAM="$(INSTALL_STRIP_PROGRAM)" \
	    install_sh_PROGRAM="$(INSTALL_STRIP_PROGRAM)" INSTALL_STRIP_FLAG=-s \
	    "INSTALL_PROGRAM_ENV=STRIPPROG='$(STRIP)'" install; \
	fi

install: install-recursive
#  Phony target (prerequisite of .PHONY).
#  Implicit rule search has not been done.
#  File does not exist.
#  File has not been updated.

install-exec-recursive:
#  Phony target (prerequisite of .PHONY).
#  Implicit rule search has not been done.
#  File does not exist.
#  File has not been updated.
#  recipe to execute (from '/home/j/project/buck_air_walker/app/build/Makefile', line 358):
	@fail=; \
	if $(am__make_keepgoing); then \
	  failcom='fail=yes'; \
	else \
	  failcom='exit 1'; \
	fi; \
	dot_seen=no; \
	target=`echo $@ | sed s/-recursive//`; \
	case "$@" in \
	  distclean-* | maintainer-clean-*) list='$(DIST_SUBDIRS)' ;; \
	  *) list='$(SUBDIRS)' ;; \
	esac; \
	for subdir in $$list; do \
	  echo "Making $$target in $$subdir"; \
	  if test "$$subdir" = "."; then \
	    dot_seen=yes; \
	    local_target="$$target-am"; \
	  else \
	    local_target="$$target"; \
	  fi; \
	  ($(am__cd) $$subdir && $(MAKE) $(AM_MAKEFLAGS) $$local_target) \
	  || eval $$failcom; \
	done; \
	if test "$$dot_seen" = "no"; then \
	  $(MAKE) $(AM_MAKEFLAGS) "$$target-am" || exit 1; \
	fi; test -z "$$fail"

../aclocal.m4: ../configure.ac
#  Implicit rule search has not been done.
#  Last modified 2021-09-11 14:02:17.364248506
#  File has been updated.
#  Successfully updated.
#  recipe to execute (from '/home/j/project/buck_air_walker/app/build/Makefile', line 333):
	$(am__cd) $(srcdir) && $(ACLOCAL) $(ACLOCAL_AMFLAGS)

mostlyclean-am: mostlyclean-generic
#  Implicit rule search has not been done.
#  Modification time never checked.
#  File has not been updated.

ID: config.h.in
#  Implicit rule search has not been done.
#  Modification time never checked.
#  File has not been updated.
#  recipe to execute (from '/home/j/project/buck_air_walker/app/build/Makefile', line 386):
	$(am__define_uniq_tagged_files); mkid -fID $$unique

install-dvi-am:
#  Phony target (prerequisite of .PHONY).
#  Implicit rule search has not been done.
#  File does not exist.
#  File has not been updated.

install-info-am:
#  Phony target (prerequisite of .PHONY).
#  Implicit rule search has not been done.
#  File does not exist.
#  File has not been updated.

ctags: ctags-recursive
#  Phony target (prerequisite of .PHONY).
#  Implicit rule search has not been done.
#  File does not exist.
#  File has not been updated.

install-man:
#  Phony target (prerequisite of .PHONY).
#  Implicit rule search has not been done.
#  File does not exist.
#  File has not been updated.

cscopelist: cscopelist-recursive
#  Implicit rule search has not been done.
#  Modification time never checked.
#  File has not been updated.

info-am:
#  Phony target (prerequisite of .PHONY).
#  Implicit rule search has not been done.
#  File does not exist.
#  File has not been updated.

check-recursive:
#  Phony target (prerequisite of .PHONY).
#  Implicit rule search has not been done.
#  File does not exist.
#  File has not been updated.
#  recipe to execute (from '/home/j/project/buck_air_walker/app/build/Makefile', line 358):
	@fail=; \
	if $(am__make_keepgoing); then \
	  failcom='fail=yes'; \
	else \
	  failcom='exit 1'; \
	fi; \
	dot_seen=no; \
	target=`echo $@ | sed s/-recursive//`; \
	case "$@" in \
	  distclean-* | maintainer-clean-*) list='$(DIST_SUBDIRS)' ;; \
	  *) list='$(SUBDIRS)' ;; \
	esac; \
	for subdir in $$list; do \
	  echo "Making $$target in $$subdir"; \
	  if test "$$subdir" = "."; then \
	    dot_seen=yes; \
	    local_target="$$target-am"; \
	  else \
	    local_target="$$target"; \
	  fi; \
	  ($(am__cd) $$subdir && $(MAKE) $(AM_MAKEFLAGS) $$local_target) \
	  || eval $$failcom; \
	done; \
	if test "$$dot_seen" = "no"; then \
	  $(MAKE) $(AM_MAKEFLAGS) "$$target-am" || exit 1; \
	fi; test -z "$$fail"

info-recursive:
#  Phony target (prerequisite of .PHONY).
#  Implicit rule search has not been done.
#  File does not exist.
#  File has not been updated.
#  recipe to execute (from '/home/j/project/buck_air_walker/app/build/Makefile', line 358):
	@fail=; \
	if $(am__make_keepgoing); then \
	  failcom='fail=yes'; \
	else \
	  failcom='exit 1'; \
	fi; \
	dot_seen=no; \
	target=`echo $@ | sed s/-recursive//`; \
	case "$@" in \
	  distclean-* | maintainer-clean-*) list='$(DIST_SUBDIRS)' ;; \
	  *) list='$(SUBDIRS)' ;; \
	esac; \
	for subdir in $$list; do \
	  echo "Making $$target in $$subdir"; \
	  if test "$$subdir" = "."; then \
	    dot_seen=yes; \
	    local_target="$$target-am"; \
	  else \
	    local_target="$$target"; \
	  fi; \
	  ($(am__cd) $$subdir && $(MAKE) $(AM_MAKEFLAGS) $$local_target) \
	  || eval $$failcom; \
	done; \
	if test "$$dot_seen" = "no"; then \
	  $(MAKE) $(AM_MAKEFLAGS) "$$target-am" || exit 1; \
	fi; test -z "$$fail"

.MAKE: all-recursive check-recursive cscopelist-recursive ctags-recursive dvi-recursive html-recursive info-recursive install-data-recursive install-dvi-recursive install-exec-recursive install-html-recursive install-info-recursive install-pdf-recursive install-ps-recursive install-recursive installcheck-recursive installdirs-recursive pdf-recursive ps-recursive tags-recursive uninstall-recursive mostlyclean-recursive clean-recursive distclean-recursive maintainer-clean-recursive all install-am install-strip
#  Implicit rule search has not been done.
#  Modification time never checked.
#  File has not been updated.

.NOEXPORT:
#  Implicit rule search has not been done.
#  Modification time never checked.
#  File has not been updated.

install-pdf-recursive:
#  Phony target (prerequisite of .PHONY).
#  Implicit rule search has not been done.
#  File does not exist.
#  File has not been updated.
#  recipe to execute (from '/home/j/project/buck_air_walker/app/build/Makefile', line 358):
	@fail=; \
	if $(am__make_keepgoing); then \
	  failcom='fail=yes'; \
	else \
	  failcom='exit 1'; \
	fi; \
	dot_seen=no; \
	target=`echo $@ | sed s/-recursive//`; \
	case "$@" in \
	  distclean-* | maintainer-clean-*) list='$(DIST_SUBDIRS)' ;; \
	  *) list='$(SUBDIRS)' ;; \
	esac; \
	for subdir in $$list; do \
	  echo "Making $$target in $$subdir"; \
	  if test "$$subdir" = "."; then \
	    dot_seen=yes; \
	    local_target="$$target-am"; \
	  else \
	    local_target="$$target"; \
	  fi; \
	  ($(am__cd) $$subdir && $(MAKE) $(AM_MAKEFLAGS) $$local_target) \
	  || eval $$failcom; \
	done; \
	if test "$$dot_seen" = "no"; then \
	  $(MAKE) $(AM_MAKEFLAGS) "$$target-am" || exit 1; \
	fi; test -z "$$fail"

ctags-recursive:
#  Phony target (prerequisite of .PHONY).
#  Implicit rule search has not been done.
#  File does not exist.
#  File has not been updated.
#  recipe to execute (from '/home/j/project/buck_air_walker/app/build/Makefile', line 358):
	@fail=; \
	if $(am__make_keepgoing); then \
	  failcom='fail=yes'; \
	else \
	  failcom='exit 1'; \
	fi; \
	dot_seen=no; \
	target=`echo $@ | sed s/-recursive//`; \
	case "$@" in \
	  distclean-* | maintainer-clean-*) list='$(DIST_SUBDIRS)' ;; \
	  *) list='$(SUBDIRS)' ;; \
	esac; \
	for subdir in $$list; do \
	  echo "Making $$target in $$subdir"; \
	  if test "$$subdir" = "."; then \
	    dot_seen=yes; \
	    local_target="$$target-am"; \
	  else \
	    local_target="$$target"; \
	  fi; \
	  ($(am__cd) $$subdir && $(MAKE) $(AM_MAKEFLAGS) $$local_target) \
	  || eval $$failcom; \
	done; \
	if test "$$dot_seen" = "no"; then \
	  $(MAKE) $(AM_MAKEFLAGS) "$$target-am" || exit 1; \
	fi; test -z "$$fail"

.SUFFIXES:
#  Implicit rule search has not been done.
#  Modification time never checked.
#  File has not been updated.

 
uninstall-am:
#  Phony target (prerequisite of .PHONY).
#  Implicit rule search has not been done.
#  File does not exist.
#  File has not been updated.

.PHONY: all-recursive check-recursive cscopelist-recursive ctags-recursive dvi-recursive html-recursive info-recursive install-data-recursive install-dvi-recursive install-exec-recursive install-html-recursive install-info-recursive install-pdf-recursive install-ps-recursive install-recursive installcheck-recursive installdirs-recursive pdf-recursive ps-recursive tags-recursive uninstall-recursive mostlyclean-recursive clean-recursive distclean-recursive maintainer-clean-recursive CTAGS GTAGS TAGS all all-am am--refresh check check-am clean clean-cscope clean-generic cscope cscopelist-am ctags ctags-am dist dist-all dist-bzip2 dist-gzip dist-lzip dist-shar dist-tarZ dist-xz dist-zip dist-zstd distcheck distclean distclean-generic distclean-hdr distclean-tags distcleancheck distdir distuninstallcheck dvi dvi-am html html-am info info-am install install-am install-data install-data-am install-dvi install-dvi-am install-exec install-exec-am install-html install-html-am install-info install-info-am install-man install-pdf install-pdf-am install-ps install-ps-am install-strip installcheck installcheck-am installdirs installdirs-am maintainer-clean maintainer-clean-generic mostlyclean mostlyclean-generic pdf pdf-am ps ps-am tags tags-am uninstall uninstall-am
#  Implicit rule search has not been done.
#  Modification time never checked.
#  File has not been updated.

# Not a target:
../../install-sh:
#  Implicit rule search has not been done.
#  Modification time never checked.
#  File has not been updated.

clean-cscope:
#  Phony target (prerequisite of .PHONY).
#  Implicit rule search has not been done.
#  File does not exist.
#  File has not been updated.
#  recipe to execute (from '/home/j/project/buck_air_walker/app/build/Makefile', line 435):
	-rm -f cscope.files

html-am:
#  Phony target (prerequisite of .PHONY).
#  Implicit rule search has not been done.
#  File does not exist.
#  File has not been updated.

tags: tags-recursive
#  Phony target (prerequisite of .PHONY).
#  Implicit rule search has not been done.
#  File does not exist.
#  File has not been updated.

installdirs-recursive:
#  Phony target (prerequisite of .PHONY).
#  Implicit rule search has not been done.
#  File does not exist.
#  File has not been updated.
#  recipe to execute (from '/home/j/project/buck_air_walker/app/build/Makefile', line 358):
	@fail=; \
	if $(am__make_keepgoing); then \
	  failcom='fail=yes'; \
	else \
	  failcom='exit 1'; \
	fi; \
	dot_seen=no; \
	target=`echo $@ | sed s/-recursive//`; \
	case "$@" in \
	  distclean-* | maintainer-clean-*) list='$(DIST_SUBDIRS)' ;; \
	  *) list='$(SUBDIRS)' ;; \
	esac; \
	for subdir in $$list; do \
	  echo "Making $$target in $$subdir"; \
	  if test "$$subdir" = "."; then \
	    dot_seen=yes; \
	    local_target="$$target-am"; \
	  else \
	    local_target="$$target"; \
	  fi; \
	  ($(am__cd) $$subdir && $(MAKE) $(AM_MAKEFLAGS) $$local_target) \
	  || eval $$failcom; \
	done; \
	if test "$$dot_seen" = "no"; then \
	  $(MAKE) $(AM_MAKEFLAGS) "$$target-am" || exit 1; \
	fi; test -z "$$fail"

GTAGS:
#  Phony target (prerequisite of .PHONY).
#  Implicit rule search has not been done.
#  File does not exist.
#  File has not been updated.
#  recipe to execute (from '/home/j/project/buck_air_walker/app/build/Makefile', line 428):
	here=`$(am__cd) $(top_builddir) && pwd` \
	  && $(am__cd) $(top_srcdir) \
	  && gtags -i $(GTAGS_ARGS) "$$here"

dist-all:
#  Phony target (prerequisite of .PHONY).
#  Implicit rule search has not been done.
#  File does not exist.
#  File has not been updated.
#  recipe to execute (from '/home/j/project/buck_air_walker/app/build/Makefile', line 564):
	$(MAKE) $(AM_MAKEFLAGS) $(DIST_TARGETS) am__post_remove_distdir='@:'
	$(am__post_remove_distdir)

clean-am: clean-generic mostlyclean-am
#  Implicit rule search has not been done.
#  Modification time never checked.
#  File has not been updated.

# files hash-table stats:
# Load=128/1024=12%, Rehash=0, Collisions=26/363=7%
# VPATH Search Paths

# No 'vpath' search paths.

# General ('VPATH' variable) search path:
# ..

# strcache buffers: 1 (0) / strings = 133 / storage = 1742 B / avg = 13 B
# current buf: size = 8162 B / used = 1742 B / count = 133 / avg = 13 B

# strcache performance: lookups = 463 / hit rate = 71%
# hash-table stats:
# Load=133/8192=2%, Rehash=0, Collisions=8/463=2%
# Finished Make data base on Thu Sep 23 12:38:37 2021

 
